2023/10/10 05:36:19 [notice] 1#1: using the "epoll" event method
2023/10/10 05:36:19 [notice] 1#1: nginx/1.25.2
2023/10/10 05:36:19 [notice] 1#1: built by gcc 12.2.1 20220924 (Alpine 12.2.1_git20220924-r10) 
2023/10/10 05:36:19 [notice] 1#1: OS: Linux 6.4.16-linuxkit
2023/10/10 05:36:19 [notice] 1#1: getrlimit(RLIMIT_NOFILE): 1048576:1048576
2023/10/10 05:36:19 [notice] 1#1: start worker processes
2023/10/10 05:36:19 [notice] 1#1: start worker process 29
2023/10/10 05:36:19 [notice] 1#1: start worker process 30
2023/10/10 05:36:19 [notice] 1#1: start worker process 31
2023/10/10 05:36:19 [notice] 1#1: start worker process 32
2023/10/10 05:36:19 [notice] 1#1: start worker process 33
2023/10/10 05:36:19 [notice] 1#1: start worker process 34
2023/10/10 05:36:19 [notice] 1#1: start worker process 35
2023/10/10 05:36:19 [notice] 1#1: start worker process 36
2023/10/10 05:36:40 [error] 32#32: *6 open() "/var/www/html/favicon.ico" failed (2: No such file or directory), client: 172.18.0.1, server: , request: "GET /favicon.ico HTTP/1.1", host: "127.0.0.1", referrer: "http://127.0.0.1/"
2023/10/10 05:37:23 [error] 34#34: *9 "/var/www/html/producto/taza/index.php" is not found (2: No such file or directory), client: 172.18.0.1, server: , request: "GET /producto/taza/ HTTP/1.1", host: "127.0.0.1", referrer: "http://127.0.0.1/wp-admin/edit.php?post_type=producto"
2023/10/10 05:37:40 [error] 34#34: *9 "/var/www/html/producto/taza/index.php" is not found (2: No such file or directory), client: 172.18.0.1, server: , request: "GET /producto/taza/ HTTP/1.1", host: "127.0.0.1", referrer: "http://127.0.0.1/wp-admin/edit.php?post_type=producto"
2023/10/10 05:37:59 [notice] 1#1: signal 3 (SIGQUIT) received, shutting down
2023/10/10 05:37:59 [notice] 29#29: gracefully shutting down
2023/10/10 05:37:59 [notice] 29#29: exiting
2023/10/10 05:37:59 [notice] 30#30: gracefully shutting down
2023/10/10 05:37:59 [notice] 35#35: gracefully shutting down
2023/10/10 05:37:59 [notice] 35#35: exiting
2023/10/10 05:37:59 [notice] 36#36: gracefully shutting down
2023/10/10 05:37:59 [notice] 36#36: exiting
2023/10/10 05:37:59 [notice] 31#31: gracefully shutting down
2023/10/10 05:37:59 [notice] 31#31: exiting
2023/10/10 05:37:59 [notice] 32#32: gracefully shutting down
2023/10/10 05:37:59 [notice] 33#33: gracefully shutting down
2023/10/10 05:37:59 [notice] 33#33: exiting
2023/10/10 05:37:59 [notice] 34#34: gracefully shutting down
2023/10/10 05:37:59 [notice] 29#29: exit
2023/10/10 05:37:59 [notice] 30#30: exiting
2023/10/10 05:37:59 [notice] 35#35: exit
2023/10/10 05:37:59 [notice] 36#36: exit
2023/10/10 05:37:59 [notice] 32#32: exiting
2023/10/10 05:37:59 [notice] 31#31: exit
2023/10/10 05:37:59 [notice] 33#33: exit
2023/10/10 05:37:59 [notice] 34#34: exiting
2023/10/10 05:37:59 [notice] 30#30: exit
2023/10/10 05:37:59 [notice] 32#32: exit
2023/10/10 05:37:59 [notice] 34#34: exit
2023/10/10 05:37:59 [notice] 1#1: signal 17 (SIGCHLD) received from 36
2023/10/10 05:37:59 [notice] 1#1: worker process 36 exited with code 0
2023/10/10 05:37:59 [notice] 1#1: signal 29 (SIGIO) received
2023/10/10 05:37:59 [notice] 1#1: signal 17 (SIGCHLD) received from 29
2023/10/10 05:37:59 [notice] 1#1: worker process 29 exited with code 0
2023/10/10 05:37:59 [notice] 1#1: worker process 31 exited with code 0
2023/10/10 05:37:59 [notice] 1#1: worker process 33 exited with code 0
2023/10/10 05:37:59 [notice] 1#1: signal 29 (SIGIO) received
2023/10/10 05:37:59 [notice] 1#1: signal 17 (SIGCHLD) received from 31
2023/10/10 05:37:59 [notice] 1#1: signal 17 (SIGCHLD) received from 34
2023/10/10 05:37:59 [notice] 1#1: worker process 34 exited with code 0
2023/10/10 05:37:59 [notice] 1#1: signal 29 (SIGIO) received
2023/10/10 05:37:59 [notice] 1#1: signal 17 (SIGCHLD) received from 30
2023/10/10 05:37:59 [notice] 1#1: worker process 30 exited with code 0
2023/10/10 05:37:59 [notice] 1#1: signal 29 (SIGIO) received
2023/10/10 05:37:59 [notice] 1#1: signal 17 (SIGCHLD) received from 32
2023/10/10 05:37:59 [notice] 1#1: worker process 32 exited with code 0
2023/10/10 05:37:59 [notice] 1#1: signal 29 (SIGIO) received
2023/10/10 05:37:59 [notice] 1#1: signal 17 (SIGCHLD) received from 35
2023/10/10 05:37:59 [notice] 1#1: worker process 35 exited with code 0
2023/10/10 05:37:59 [notice] 1#1: exit
2023/10/11 00:52:10 [notice] 1#1: using the "epoll" event method
2023/10/11 00:52:10 [notice] 1#1: nginx/1.25.2
2023/10/11 00:52:10 [notice] 1#1: built by gcc 12.2.1 20220924 (Alpine 12.2.1_git20220924-r10) 
2023/10/11 00:52:10 [notice] 1#1: OS: Linux 6.4.16-linuxkit
2023/10/11 00:52:10 [notice] 1#1: getrlimit(RLIMIT_NOFILE): 1048576:1048576
2023/10/11 00:52:10 [notice] 1#1: start worker processes
2023/10/11 00:52:10 [notice] 1#1: start worker process 29
2023/10/11 00:52:10 [notice] 1#1: start worker process 30
2023/10/11 00:52:10 [notice] 1#1: start worker process 31
2023/10/11 00:52:10 [notice] 1#1: start worker process 32
2023/10/11 00:52:10 [notice] 1#1: start worker process 33
2023/10/11 00:52:10 [notice] 1#1: start worker process 34
2023/10/11 00:52:10 [notice] 1#1: start worker process 35
2023/10/11 00:52:10 [notice] 1#1: start worker process 36
2023/10/11 00:52:17 [error] 29#29: *1 "/var/www/html/producto/taza/index.php" is not found (2: No such file or directory), client: 172.18.0.1, server: , request: "GET /producto/taza/ HTTP/1.1", host: "127.0.0.1"
2023/10/11 00:52:17 [error] 29#29: *1 open() "/var/www/html/favicon.ico" failed (2: No such file or directory), client: 172.18.0.1, server: , request: "GET /favicon.ico HTTP/1.1", host: "127.0.0.1", referrer: "http://127.0.0.1/producto/taza/"
2023/10/11 00:53:34 [error] 32#32: *3 "/var/www/html/producto/taza/index.php" is not found (2: No such file or directory), client: 172.18.0.1, server: , request: "GET /producto/taza/ HTTP/1.1", host: "127.0.0.1", referrer: "http://127.0.0.1/wp-admin/edit.php?post_type=producto"
2023/10/11 00:59:33 [error] 33#33: *21 "/var/www/html/producto/taza/index.php" is not found (2: No such file or directory), client: 172.18.0.1, server: , request: "GET /producto/taza/ HTTP/1.1", host: "127.0.0.1", referrer: "http://127.0.0.1/wp-admin/edit.php?post_type=producto"
2023/10/11 01:05:25 [notice] 1#1: signal 3 (SIGQUIT) received, shutting down
2023/10/11 01:05:25 [notice] 29#29: gracefully shutting down
2023/10/11 01:05:25 [notice] 29#29: exiting
2023/10/11 01:05:25 [notice] 29#29: exit
2023/10/11 01:05:25 [notice] 31#31: gracefully shutting down
2023/10/11 01:05:25 [notice] 36#36: gracefully shutting down
2023/10/11 01:05:25 [notice] 35#35: gracefully shutting down
2023/10/11 01:05:25 [notice] 35#35: exiting
2023/10/11 01:05:25 [notice] 35#35: exit
2023/10/11 01:05:25 [notice] 34#34: gracefully shutting down
2023/10/11 01:05:25 [notice] 32#32: gracefully shutting down
2023/10/11 01:05:25 [notice] 34#34: exiting
2023/10/11 01:05:25 [notice] 32#32: exiting
2023/10/11 01:05:25 [notice] 30#30: gracefully shutting down
2023/10/11 01:05:25 [notice] 30#30: exiting
2023/10/11 01:05:25 [notice] 33#33: gracefully shutting down
2023/10/11 01:05:25 [notice] 31#31: exiting
2023/10/11 01:05:25 [notice] 36#36: exiting
2023/10/11 01:05:25 [notice] 32#32: exit
2023/10/11 01:05:25 [notice] 34#34: exit
2023/10/11 01:05:25 [notice] 30#30: exit
2023/10/11 01:05:25 [notice] 33#33: exiting
2023/10/11 01:05:25 [notice] 31#31: exit
2023/10/11 01:05:25 [notice] 36#36: exit
2023/10/11 01:05:25 [notice] 33#33: exit
2023/10/11 01:05:25 [notice] 1#1: signal 17 (SIGCHLD) received from 29
2023/10/11 01:05:25 [notice] 1#1: worker process 29 exited with code 0
2023/10/11 01:05:25 [notice] 1#1: worker process 35 exited with code 0
2023/10/11 01:05:25 [notice] 1#1: signal 29 (SIGIO) received
2023/10/11 01:05:25 [notice] 1#1: signal 17 (SIGCHLD) received from 35
2023/10/11 01:05:25 [notice] 1#1: signal 17 (SIGCHLD) received from 36
2023/10/11 01:05:25 [notice] 1#1: worker process 30 exited with code 0
2023/10/11 01:05:25 [notice] 1#1: worker process 34 exited with code 0
2023/10/11 01:05:25 [notice] 1#1: worker process 36 exited with code 0
2023/10/11 01:05:25 [notice] 1#1: signal 29 (SIGIO) received
2023/10/11 01:05:25 [notice] 1#1: signal 17 (SIGCHLD) received from 33
2023/10/11 01:05:25 [notice] 1#1: worker process 33 exited with code 0
2023/10/11 01:05:25 [notice] 1#1: signal 29 (SIGIO) received
2023/10/11 01:05:25 [notice] 1#1: signal 17 (SIGCHLD) received from 31
2023/10/11 01:05:25 [notice] 1#1: worker process 31 exited with code 0
2023/10/11 01:05:25 [notice] 1#1: signal 29 (SIGIO) received
2023/10/11 01:05:25 [notice] 1#1: signal 17 (SIGCHLD) received from 32
2023/10/11 01:05:25 [notice] 1#1: worker process 32 exited with code 0
2023/10/11 01:05:25 [notice] 1#1: exit
2023/10/11 01:05:44 [notice] 1#1: using the "epoll" event method
2023/10/11 01:05:44 [notice] 1#1: nginx/1.25.2
2023/10/11 01:05:44 [notice] 1#1: built by gcc 12.2.1 20220924 (Alpine 12.2.1_git20220924-r10) 
2023/10/11 01:05:44 [notice] 1#1: OS: Linux 6.4.16-linuxkit
2023/10/11 01:05:44 [notice] 1#1: getrlimit(RLIMIT_NOFILE): 1048576:1048576
2023/10/11 01:05:44 [notice] 1#1: start worker processes
2023/10/11 01:05:44 [notice] 1#1: start worker process 29
2023/10/11 01:05:44 [notice] 1#1: start worker process 30
2023/10/11 01:05:44 [notice] 1#1: start worker process 31
2023/10/11 01:05:44 [notice] 1#1: start worker process 32
2023/10/11 01:05:44 [notice] 1#1: start worker process 33
2023/10/11 01:05:44 [notice] 1#1: start worker process 34
2023/10/11 01:05:44 [notice] 1#1: start worker process 35
2023/10/11 01:05:44 [notice] 1#1: start worker process 36
2023/10/11 01:22:42 [notice] 1#1: signal 3 (SIGQUIT) received, shutting down
2023/10/11 01:22:42 [notice] 33#33: gracefully shutting down
2023/10/11 01:22:42 [notice] 33#33: exiting
2023/10/11 01:22:42 [notice] 31#31: gracefully shutting down
2023/10/11 01:22:42 [notice] 31#31: exiting
2023/10/11 01:22:42 [notice] 32#32: gracefully shutting down
2023/10/11 01:22:42 [notice] 34#34: gracefully shutting down
2023/10/11 01:22:42 [notice] 34#34: exiting
2023/10/11 01:22:42 [notice] 29#29: gracefully shutting down
2023/10/11 01:22:42 [notice] 29#29: exiting
2023/10/11 01:22:42 [notice] 35#35: gracefully shutting down
2023/10/11 01:22:42 [notice] 35#35: exiting
2023/10/11 01:22:42 [notice] 30#30: gracefully shutting down
2023/10/11 01:22:42 [notice] 35#35: exit
2023/10/11 01:22:42 [notice] 36#36: gracefully shutting down
2023/10/11 01:22:42 [notice] 33#33: exit
2023/10/11 01:22:42 [notice] 31#31: exit
2023/10/11 01:22:42 [notice] 32#32: exiting
2023/10/11 01:22:42 [notice] 34#34: exit
2023/10/11 01:22:42 [notice] 29#29: exit
2023/10/11 01:22:42 [notice] 30#30: exiting
2023/10/11 01:22:42 [notice] 36#36: exiting
2023/10/11 01:22:42 [notice] 32#32: exit
2023/10/11 01:22:42 [notice] 36#36: exit
2023/10/11 01:22:42 [notice] 30#30: exit
2023/10/11 01:22:42 [notice] 1#1: signal 17 (SIGCHLD) received from 34
2023/10/11 01:22:42 [notice] 1#1: worker process 31 exited with code 0
2023/10/11 01:22:42 [notice] 1#1: worker process 33 exited with code 0
2023/10/11 01:22:42 [notice] 1#1: worker process 34 exited with code 0
2023/10/11 01:22:42 [notice] 1#1: worker process 35 exited with code 0
2023/10/11 01:22:42 [notice] 1#1: signal 29 (SIGIO) received
2023/10/11 01:22:42 [notice] 1#1: signal 17 (SIGCHLD) received from 29
2023/10/11 01:22:42 [notice] 1#1: worker process 29 exited with code 0
2023/10/11 01:22:42 [notice] 1#1: signal 29 (SIGIO) received
2023/10/11 01:22:42 [notice] 1#1: signal 17 (SIGCHLD) received from 32
2023/10/11 01:22:42 [notice] 1#1: worker process 32 exited with code 0
2023/10/11 01:22:42 [notice] 1#1: signal 29 (SIGIO) received
2023/10/11 01:22:42 [notice] 1#1: signal 17 (SIGCHLD) received from 36
2023/10/11 01:22:42 [notice] 1#1: worker process 36 exited with code 0
2023/10/11 01:22:42 [notice] 1#1: signal 29 (SIGIO) received
2023/10/11 01:22:42 [notice] 1#1: signal 17 (SIGCHLD) received from 30
2023/10/11 01:22:42 [notice] 1#1: worker process 30 exited with code 0
2023/10/11 01:22:42 [notice] 1#1: exit
2023/10/11 01:22:58 [notice] 1#1: using the "epoll" event method
2023/10/11 01:22:58 [notice] 1#1: nginx/1.25.2
2023/10/11 01:22:58 [notice] 1#1: built by gcc 12.2.1 20220924 (Alpine 12.2.1_git20220924-r10) 
2023/10/11 01:22:58 [notice] 1#1: OS: Linux 6.4.16-linuxkit
2023/10/11 01:22:58 [notice] 1#1: getrlimit(RLIMIT_NOFILE): 1048576:1048576
2023/10/11 01:22:58 [notice] 1#1: start worker processes
2023/10/11 01:22:58 [notice] 1#1: start worker process 29
2023/10/11 01:22:58 [notice] 1#1: start worker process 30
2023/10/11 01:22:58 [notice] 1#1: start worker process 31
2023/10/11 01:22:58 [notice] 1#1: start worker process 32
2023/10/11 01:22:58 [notice] 1#1: start worker process 33
2023/10/11 01:22:58 [notice] 1#1: start worker process 34
2023/10/11 01:22:58 [notice] 1#1: start worker process 35
2023/10/11 01:22:58 [notice] 1#1: start worker process 36
2023/10/11 01:24:38 [notice] 1#1: signal 3 (SIGQUIT) received, shutting down
2023/10/11 01:24:38 [notice] 31#31: gracefully shutting down
2023/10/11 01:24:38 [notice] 32#32: gracefully shutting down
2023/10/11 01:24:38 [notice] 29#29: gracefully shutting down
2023/10/11 01:24:38 [notice] 30#30: gracefully shutting down
2023/10/11 01:24:38 [notice] 34#34: gracefully shutting down
2023/10/11 01:24:38 [notice] 30#30: exiting
2023/10/11 01:24:38 [notice] 35#35: gracefully shutting down
2023/10/11 01:24:38 [notice] 35#35: exiting
2023/10/11 01:24:38 [notice] 36#36: gracefully shutting down
2023/10/11 01:24:38 [notice] 36#36: exiting
2023/10/11 01:24:38 [notice] 33#33: gracefully shutting down
2023/10/11 01:24:38 [notice] 31#31: exiting
2023/10/11 01:24:38 [notice] 32#32: exiting
2023/10/11 01:24:38 [notice] 34#34: exiting
2023/10/11 01:24:38 [notice] 31#31: exit
2023/10/11 01:24:38 [notice] 29#29: exiting
2023/10/11 01:24:38 [notice] 30#30: exit
2023/10/11 01:24:38 [notice] 29#29: exit
2023/10/11 01:24:38 [notice] 35#35: exit
2023/10/11 01:24:38 [notice] 33#33: exiting
2023/10/11 01:24:38 [notice] 36#36: exit
2023/10/11 01:24:38 [notice] 32#32: exit
2023/10/11 01:24:38 [notice] 34#34: exit
2023/10/11 01:24:38 [notice] 33#33: exit
2023/10/11 01:24:38 [notice] 1#1: signal 17 (SIGCHLD) received from 31
2023/10/11 01:24:38 [notice] 1#1: worker process 31 exited with code 0
2023/10/11 01:24:38 [notice] 1#1: signal 29 (SIGIO) received
2023/10/11 01:24:38 [notice] 1#1: signal 17 (SIGCHLD) received from 29
2023/10/11 01:24:38 [notice] 1#1: worker process 29 exited with code 0
2023/10/11 01:24:38 [notice] 1#1: signal 29 (SIGIO) received
2023/10/11 01:24:38 [notice] 1#1: signal 17 (SIGCHLD) received from 30
2023/10/11 01:24:38 [notice] 1#1: worker process 30 exited with code 0
2023/10/11 01:24:38 [notice] 1#1: signal 29 (SIGIO) received
2023/10/11 01:24:38 [notice] 1#1: signal 17 (SIGCHLD) received from 35
2023/10/11 01:24:38 [notice] 1#1: worker process 35 exited with code 0
2023/10/11 01:24:38 [notice] 1#1: signal 29 (SIGIO) received
2023/10/11 01:24:38 [notice] 1#1: signal 17 (SIGCHLD) received from 32
2023/10/11 01:24:38 [notice] 1#1: worker process 32 exited with code 0
2023/10/11 01:24:38 [notice] 1#1: signal 29 (SIGIO) received
2023/10/11 01:24:38 [notice] 1#1: signal 17 (SIGCHLD) received from 36
2023/10/11 01:24:38 [notice] 1#1: worker process 33 exited with code 0
2023/10/11 01:24:38 [notice] 1#1: worker process 36 exited with code 0
2023/10/11 01:24:38 [notice] 1#1: signal 29 (SIGIO) received
2023/10/11 01:24:38 [notice] 1#1: signal 17 (SIGCHLD) received from 34
2023/10/11 01:24:38 [notice] 1#1: worker process 34 exited with code 0
2023/10/11 01:24:38 [notice] 1#1: exit
2023/10/11 01:24:48 [notice] 1#1: using the "epoll" event method
2023/10/11 01:24:48 [notice] 1#1: nginx/1.25.2
2023/10/11 01:24:48 [notice] 1#1: built by gcc 12.2.1 20220924 (Alpine 12.2.1_git20220924-r10) 
2023/10/11 01:24:48 [notice] 1#1: OS: Linux 6.4.16-linuxkit
2023/10/11 01:24:48 [notice] 1#1: getrlimit(RLIMIT_NOFILE): 1048576:1048576
2023/10/11 01:24:48 [notice] 1#1: start worker processes
2023/10/11 01:24:48 [notice] 1#1: start worker process 29
2023/10/11 01:24:48 [notice] 1#1: start worker process 30
2023/10/11 01:24:48 [notice] 1#1: start worker process 31
2023/10/11 01:24:48 [notice] 1#1: start worker process 32
2023/10/11 01:24:48 [notice] 1#1: start worker process 33
2023/10/11 01:24:48 [notice] 1#1: start worker process 34
2023/10/11 01:24:48 [notice] 1#1: start worker process 35
2023/10/11 01:24:48 [notice] 1#1: start worker process 36
2023/10/11 01:25:51 [notice] 1#1: signal 3 (SIGQUIT) received, shutting down
2023/10/11 01:25:51 [notice] 32#32: gracefully shutting down
2023/10/11 01:25:51 [notice] 29#29: gracefully shutting down
2023/10/11 01:25:51 [notice] 32#32: exiting
2023/10/11 01:25:51 [notice] 32#32: exit
2023/10/11 01:25:51 [notice] 35#35: gracefully shutting down
2023/10/11 01:25:51 [notice] 35#35: exiting
2023/10/11 01:25:51 [notice] 31#31: gracefully shutting down
2023/10/11 01:25:51 [notice] 36#36: gracefully shutting down
2023/10/11 01:25:51 [notice] 35#35: exit
2023/10/11 01:25:51 [notice] 33#33: gracefully shutting down
2023/10/11 01:25:51 [notice] 34#34: gracefully shutting down
2023/10/11 01:25:51 [notice] 30#30: gracefully shutting down
2023/10/11 01:25:51 [notice] 29#29: exiting
2023/10/11 01:25:51 [notice] 36#36: exiting
2023/10/11 01:25:51 [notice] 31#31: exiting
2023/10/11 01:25:51 [notice] 33#33: exiting
2023/10/11 01:25:51 [notice] 34#34: exiting
2023/10/11 01:25:51 [notice] 30#30: exiting
2023/10/11 01:25:51 [notice] 31#31: exit
2023/10/11 01:25:51 [notice] 29#29: exit
2023/10/11 01:25:51 [notice] 36#36: exit
2023/10/11 01:25:51 [notice] 33#33: exit
2023/10/11 01:25:51 [notice] 34#34: exit
2023/10/11 01:25:51 [notice] 30#30: exit
2023/10/11 01:25:51 [notice] 1#1: signal 17 (SIGCHLD) received from 32
2023/10/11 01:25:51 [notice] 1#1: worker process 32 exited with code 0
2023/10/11 01:25:51 [notice] 1#1: signal 29 (SIGIO) received
2023/10/11 01:25:51 [notice] 1#1: signal 17 (SIGCHLD) received from 35
2023/10/11 01:25:51 [notice] 1#1: worker process 35 exited with code 0
2023/10/11 01:25:51 [notice] 1#1: signal 29 (SIGIO) received
2023/10/11 01:25:51 [notice] 1#1: signal 17 (SIGCHLD) received from 29
2023/10/11 01:25:51 [notice] 1#1: worker process 29 exited with code 0
2023/10/11 01:25:51 [notice] 1#1: signal 29 (SIGIO) received
2023/10/11 01:25:51 [notice] 1#1: signal 17 (SIGCHLD) received from 31
2023/10/11 01:25:51 [notice] 1#1: worker process 31 exited with code 0
2023/10/11 01:25:51 [notice] 1#1: signal 29 (SIGIO) received
2023/10/11 01:25:51 [notice] 1#1: signal 17 (SIGCHLD) received from 30
2023/10/11 01:25:51 [notice] 1#1: worker process 30 exited with code 0
2023/10/11 01:25:51 [notice] 1#1: worker process 33 exited with code 0
2023/10/11 01:25:51 [notice] 1#1: worker process 34 exited with code 0
2023/10/11 01:25:51 [notice] 1#1: worker process 36 exited with code 0
2023/10/11 01:25:51 [notice] 1#1: exit
2023/10/11 01:26:05 [notice] 1#1: using the "epoll" event method
2023/10/11 01:26:05 [notice] 1#1: nginx/1.25.2
2023/10/11 01:26:05 [notice] 1#1: built by gcc 12.2.1 20220924 (Alpine 12.2.1_git20220924-r10) 
2023/10/11 01:26:05 [notice] 1#1: OS: Linux 6.4.16-linuxkit
2023/10/11 01:26:05 [notice] 1#1: getrlimit(RLIMIT_NOFILE): 1048576:1048576
2023/10/11 01:26:05 [notice] 1#1: start worker processes
2023/10/11 01:26:05 [notice] 1#1: start worker process 29
2023/10/11 01:26:05 [notice] 1#1: start worker process 30
2023/10/11 01:26:05 [notice] 1#1: start worker process 31
2023/10/11 01:26:05 [notice] 1#1: start worker process 32
2023/10/11 01:26:05 [notice] 1#1: start worker process 33
2023/10/11 01:26:05 [notice] 1#1: start worker process 34
2023/10/11 01:26:05 [notice] 1#1: start worker process 35
2023/10/11 01:26:05 [notice] 1#1: start worker process 36
2023/10/11 01:31:23 [notice] 1#1: signal 3 (SIGQUIT) received, shutting down
2023/10/11 01:31:23 [notice] 29#29: gracefully shutting down
2023/10/11 01:31:23 [notice] 29#29: exiting
2023/10/11 01:31:23 [notice] 33#33: gracefully shutting down
2023/10/11 01:31:23 [notice] 35#35: gracefully shutting down
2023/10/11 01:31:23 [notice] 35#35: exiting
2023/10/11 01:31:23 [notice] 34#34: gracefully shutting down
2023/10/11 01:31:23 [notice] 34#34: exiting
2023/10/11 01:31:23 [notice] 32#32: gracefully shutting down
2023/10/11 01:31:23 [notice] 30#30: gracefully shutting down
2023/10/11 01:31:23 [notice] 31#31: gracefully shutting down
2023/10/11 01:31:23 [notice] 31#31: exiting
2023/10/11 01:31:23 [notice] 36#36: gracefully shutting down
2023/10/11 01:31:23 [notice] 29#29: exit
2023/10/11 01:31:23 [notice] 33#33: exiting
2023/10/11 01:31:23 [notice] 35#35: exit
2023/10/11 01:31:23 [notice] 34#34: exit
2023/10/11 01:31:23 [notice] 32#32: exiting
2023/10/11 01:31:23 [notice] 30#30: exiting
2023/10/11 01:31:23 [notice] 31#31: exit
2023/10/11 01:31:23 [notice] 36#36: exiting
2023/10/11 01:31:23 [notice] 33#33: exit
2023/10/11 01:31:23 [notice] 32#32: exit
2023/10/11 01:31:23 [notice] 30#30: exit
2023/10/11 01:31:23 [notice] 36#36: exit
2023/10/11 01:31:23 [notice] 1#1: signal 17 (SIGCHLD) received from 29
2023/10/11 01:31:23 [notice] 1#1: worker process 29 exited with code 0
2023/10/11 01:31:23 [notice] 1#1: worker process 34 exited with code 0
2023/10/11 01:31:23 [notice] 1#1: signal 29 (SIGIO) received
2023/10/11 01:31:23 [notice] 1#1: signal 17 (SIGCHLD) received from 35
2023/10/11 01:31:23 [notice] 1#1: worker process 31 exited with code 0
2023/10/11 01:31:23 [notice] 1#1: worker process 35 exited with code 0
2023/10/11 01:31:23 [notice] 1#1: signal 29 (SIGIO) received
2023/10/11 01:31:23 [notice] 1#1: signal 17 (SIGCHLD) received from 32
2023/10/11 01:31:23 [notice] 1#1: worker process 32 exited with code 0
2023/10/11 01:31:23 [notice] 1#1: signal 29 (SIGIO) received
2023/10/11 01:31:23 [notice] 1#1: signal 17 (SIGCHLD) received from 36
2023/10/11 01:31:23 [notice] 1#1: worker process 36 exited with code 0
2023/10/11 01:31:23 [notice] 1#1: signal 29 (SIGIO) received
2023/10/11 01:31:23 [notice] 1#1: signal 17 (SIGCHLD) received from 30
2023/10/11 01:31:23 [notice] 1#1: worker process 30 exited with code 0
2023/10/11 01:31:23 [notice] 1#1: worker process 33 exited with code 0
2023/10/11 01:31:23 [notice] 1#1: exit
2023/10/11 01:31:34 [notice] 1#1: using the "epoll" event method
2023/10/11 01:31:34 [notice] 1#1: nginx/1.25.2
2023/10/11 01:31:34 [notice] 1#1: built by gcc 12.2.1 20220924 (Alpine 12.2.1_git20220924-r10) 
2023/10/11 01:31:34 [notice] 1#1: OS: Linux 6.4.16-linuxkit
2023/10/11 01:31:34 [notice] 1#1: getrlimit(RLIMIT_NOFILE): 1048576:1048576
2023/10/11 01:31:34 [notice] 1#1: start worker processes
2023/10/11 01:31:34 [notice] 1#1: start worker process 29
2023/10/11 01:31:34 [notice] 1#1: start worker process 30
2023/10/11 01:31:34 [notice] 1#1: start worker process 31
2023/10/11 01:31:34 [notice] 1#1: start worker process 32
2023/10/11 01:31:34 [notice] 1#1: start worker process 33
2023/10/11 01:31:34 [notice] 1#1: start worker process 34
2023/10/11 01:31:34 [notice] 1#1: start worker process 35
2023/10/11 01:31:34 [notice] 1#1: start worker process 36
2023/10/11 01:31:47 [error] 30#30: *1 directory index of "/var/www/html/" is forbidden, client: 172.23.0.1, server: , request: "GET / HTTP/1.1", host: "127.0.0.1"
2023/10/11 01:31:51 [error] 30#30: *1 directory index of "/var/www/html/" is forbidden, client: 172.23.0.1, server: , request: "GET / HTTP/1.1", host: "127.0.0.1"
2023/10/11 01:32:00 [notice] 1#1: signal 3 (SIGQUIT) received, shutting down
2023/10/11 01:32:00 [notice] 30#30: gracefully shutting down
2023/10/11 01:32:00 [notice] 29#29: gracefully shutting down
2023/10/11 01:32:00 [notice] 29#29: exiting
2023/10/11 01:32:00 [notice] 31#31: gracefully shutting down
2023/10/11 01:32:00 [notice] 31#31: exiting
2023/10/11 01:32:00 [notice] 34#34: gracefully shutting down
2023/10/11 01:32:00 [notice] 35#35: gracefully shutting down
2023/10/11 01:32:00 [notice] 35#35: exiting
2023/10/11 01:32:00 [notice] 36#36: gracefully shutting down
2023/10/11 01:32:00 [notice] 30#30: exiting
2023/10/11 01:32:00 [notice] 33#33: gracefully shutting down
2023/10/11 01:32:00 [notice] 33#33: exiting
2023/10/11 01:32:00 [notice] 29#29: exit
2023/10/11 01:32:00 [notice] 32#32: gracefully shutting down
2023/10/11 01:32:00 [notice] 31#31: exit
2023/10/11 01:32:00 [notice] 30#30: exit
2023/10/11 01:32:00 [notice] 34#34: exiting
2023/10/11 01:32:00 [notice] 35#35: exit
2023/10/11 01:32:00 [notice] 36#36: exiting
2023/10/11 01:32:00 [notice] 33#33: exit
2023/10/11 01:32:00 [notice] 32#32: exiting
2023/10/11 01:32:00 [notice] 34#34: exit
2023/10/11 01:32:00 [notice] 36#36: exit
2023/10/11 01:32:00 [notice] 32#32: exit
2023/10/11 01:32:00 [notice] 1#1: signal 17 (SIGCHLD) received from 31
2023/10/11 01:32:00 [notice] 1#1: worker process 31 exited with code 0
2023/10/11 01:32:00 [notice] 1#1: signal 29 (SIGIO) received
2023/10/11 01:32:00 [notice] 1#1: signal 17 (SIGCHLD) received from 34
2023/10/11 01:32:00 [notice] 1#1: worker process 30 exited with code 0
2023/10/11 01:32:00 [notice] 1#1: worker process 33 exited with code 0
2023/10/11 01:32:00 [notice] 1#1: worker process 34 exited with code 0
2023/10/11 01:32:00 [notice] 1#1: worker process 35 exited with code 0
2023/10/11 01:32:00 [notice] 1#1: signal 29 (SIGIO) received
2023/10/11 01:32:00 [notice] 1#1: signal 17 (SIGCHLD) received from 30
2023/10/11 01:32:00 [notice] 1#1: signal 17 (SIGCHLD) received from 29
2023/10/11 01:32:00 [notice] 1#1: worker process 29 exited with code 0
2023/10/11 01:32:00 [notice] 1#1: signal 29 (SIGIO) received
2023/10/11 01:32:00 [notice] 1#1: signal 17 (SIGCHLD) received from 36
2023/10/11 01:32:00 [notice] 1#1: worker process 36 exited with code 0
2023/10/11 01:32:00 [notice] 1#1: signal 29 (SIGIO) received
2023/10/11 01:32:00 [notice] 1#1: signal 17 (SIGCHLD) received from 32
2023/10/11 01:32:00 [notice] 1#1: worker process 32 exited with code 0
2023/10/11 01:32:00 [notice] 1#1: exit
2023/10/11 01:34:28 [notice] 1#1: using the "epoll" event method
2023/10/11 01:34:28 [notice] 1#1: nginx/1.25.2
2023/10/11 01:34:28 [notice] 1#1: built by gcc 12.2.1 20220924 (Alpine 12.2.1_git20220924-r10) 
2023/10/11 01:34:28 [notice] 1#1: OS: Linux 6.4.16-linuxkit
2023/10/11 01:34:28 [notice] 1#1: getrlimit(RLIMIT_NOFILE): 1048576:1048576
2023/10/11 01:34:28 [notice] 1#1: start worker processes
2023/10/11 01:34:28 [notice] 1#1: start worker process 29
2023/10/11 01:34:28 [notice] 1#1: start worker process 30
2023/10/11 01:34:28 [notice] 1#1: start worker process 31
2023/10/11 01:34:28 [notice] 1#1: start worker process 32
2023/10/11 01:34:28 [notice] 1#1: start worker process 33
2023/10/11 01:34:28 [notice] 1#1: start worker process 34
2023/10/11 01:34:28 [notice] 1#1: start worker process 35
2023/10/11 01:34:28 [notice] 1#1: start worker process 36
2023/10/11 01:34:56 [notice] 1#1: signal 3 (SIGQUIT) received, shutting down
2023/10/11 01:34:56 [notice] 29#29: gracefully shutting down
2023/10/11 01:34:56 [notice] 32#32: gracefully shutting down
2023/10/11 01:34:56 [notice] 32#32: exiting
2023/10/11 01:34:56 [notice] 30#30: gracefully shutting down
2023/10/11 01:34:56 [notice] 31#31: gracefully shutting down
2023/10/11 01:34:56 [notice] 31#31: exiting
2023/10/11 01:34:56 [notice] 33#33: gracefully shutting down
2023/10/11 01:34:56 [notice] 31#31: exit
2023/10/11 01:34:56 [notice] 33#33: exiting
2023/10/11 01:34:56 [notice] 35#35: gracefully shutting down
2023/10/11 01:34:56 [notice] 34#34: gracefully shutting down
2023/10/11 01:34:56 [notice] 34#34: exiting
2023/10/11 01:34:56 [notice] 36#36: gracefully shutting down
2023/10/11 01:34:56 [notice] 36#36: exiting
2023/10/11 01:34:56 [notice] 29#29: exiting
2023/10/11 01:34:56 [notice] 32#32: exit
2023/10/11 01:34:56 [notice] 29#29: exit
2023/10/11 01:34:56 [notice] 30#30: exiting
2023/10/11 01:34:56 [notice] 33#33: exit
2023/10/11 01:34:56 [notice] 30#30: exit
2023/10/11 01:34:56 [notice] 35#35: exiting
2023/10/11 01:34:56 [notice] 34#34: exit
2023/10/11 01:34:56 [notice] 35#35: exit
2023/10/11 01:34:56 [notice] 36#36: exit
2023/10/11 01:34:56 [notice] 1#1: signal 17 (SIGCHLD) received from 31
2023/10/11 01:34:56 [notice] 1#1: worker process 31 exited with code 0
2023/10/11 01:34:56 [notice] 1#1: signal 29 (SIGIO) received
2023/10/11 01:34:56 [notice] 1#1: signal 17 (SIGCHLD) received from 32
2023/10/11 01:34:56 [notice] 1#1: worker process 32 exited with code 0
2023/10/11 01:34:56 [notice] 1#1: signal 29 (SIGIO) received
2023/10/11 01:34:56 [notice] 1#1: signal 17 (SIGCHLD) received from 29
2023/10/11 01:34:56 [notice] 1#1: worker process 29 exited with code 0
2023/10/11 01:34:56 [notice] 1#1: signal 29 (SIGIO) received
2023/10/11 01:34:56 [notice] 1#1: signal 17 (SIGCHLD) received from 33
2023/10/11 01:34:56 [notice] 1#1: worker process 33 exited with code 0
2023/10/11 01:34:56 [notice] 1#1: signal 29 (SIGIO) received
2023/10/11 01:34:56 [notice] 1#1: signal 17 (SIGCHLD) received from 34
2023/10/11 01:34:56 [notice] 1#1: worker process 34 exited with code 0
2023/10/11 01:34:56 [notice] 1#1: signal 29 (SIGIO) received
2023/10/11 01:34:56 [notice] 1#1: signal 17 (SIGCHLD) received from 35
2023/10/11 01:34:56 [notice] 1#1: worker process 35 exited with code 0
2023/10/11 01:34:56 [notice] 1#1: signal 29 (SIGIO) received
2023/10/11 01:34:56 [notice] 1#1: signal 17 (SIGCHLD) received from 36
2023/10/11 01:34:56 [notice] 1#1: worker process 36 exited with code 0
2023/10/11 01:34:56 [notice] 1#1: signal 29 (SIGIO) received
2023/10/11 01:34:56 [notice] 1#1: signal 17 (SIGCHLD) received from 30
2023/10/11 01:34:56 [notice] 1#1: worker process 30 exited with code 0
2023/10/11 01:34:56 [notice] 1#1: exit
2023/10/11 01:35:01 [notice] 1#1: using the "epoll" event method
2023/10/11 01:35:01 [notice] 1#1: nginx/1.25.2
2023/10/11 01:35:01 [notice] 1#1: built by gcc 12.2.1 20220924 (Alpine 12.2.1_git20220924-r10) 
2023/10/11 01:35:01 [notice] 1#1: OS: Linux 6.4.16-linuxkit
2023/10/11 01:35:01 [notice] 1#1: getrlimit(RLIMIT_NOFILE): 1048576:1048576
2023/10/11 01:35:01 [notice] 1#1: start worker processes
2023/10/11 01:35:01 [notice] 1#1: start worker process 29
2023/10/11 01:35:01 [notice] 1#1: start worker process 30
2023/10/11 01:35:01 [notice] 1#1: start worker process 31
2023/10/11 01:35:01 [notice] 1#1: start worker process 32
2023/10/11 01:35:01 [notice] 1#1: start worker process 33
2023/10/11 01:35:01 [notice] 1#1: start worker process 34
2023/10/11 01:35:01 [notice] 1#1: start worker process 35
2023/10/11 01:35:01 [notice] 1#1: start worker process 36
2023/10/11 01:35:04 [notice] 1#1: signal 3 (SIGQUIT) received, shutting down
2023/10/11 01:35:04 [notice] 32#32: gracefully shutting down
2023/10/11 01:35:04 [notice] 33#33: gracefully shutting down
2023/10/11 01:35:04 [notice] 31#31: gracefully shutting down
2023/10/11 01:35:04 [notice] 31#31: exiting
2023/10/11 01:35:04 [notice] 29#29: gracefully shutting down
2023/10/11 01:35:04 [notice] 29#29: exiting
2023/10/11 01:35:04 [notice] 36#36: gracefully shutting down
2023/10/11 01:35:04 [notice] 36#36: exiting
2023/10/11 01:35:04 [notice] 30#30: gracefully shutting down
2023/10/11 01:35:04 [notice] 30#30: exiting
2023/10/11 01:35:04 [notice] 34#34: gracefully shutting down
2023/10/11 01:35:04 [notice] 34#34: exiting
2023/10/11 01:35:04 [notice] 35#35: gracefully shutting down
2023/10/11 01:35:04 [notice] 32#32: exiting
2023/10/11 01:35:04 [notice] 33#33: exiting
2023/10/11 01:35:04 [notice] 31#31: exit
2023/10/11 01:35:04 [notice] 29#29: exit
2023/10/11 01:35:04 [notice] 33#33: exit
2023/10/11 01:35:04 [notice] 36#36: exit
2023/10/11 01:35:04 [notice] 30#30: exit
2023/10/11 01:35:04 [notice] 35#35: exiting
2023/10/11 01:35:04 [notice] 34#34: exit
2023/10/11 01:35:04 [notice] 32#32: exit
2023/10/11 01:35:04 [notice] 35#35: exit
2023/10/11 01:35:04 [notice] 1#1: signal 17 (SIGCHLD) received from 33
2023/10/11 01:35:04 [notice] 1#1: worker process 31 exited with code 0
2023/10/11 01:35:04 [notice] 1#1: worker process 33 exited with code 0
2023/10/11 01:35:04 [notice] 1#1: signal 29 (SIGIO) received
2023/10/11 01:35:04 [notice] 1#1: signal 17 (SIGCHLD) received from 29
2023/10/11 01:35:04 [notice] 1#1: worker process 29 exited with code 0
2023/10/11 01:35:04 [notice] 1#1: worker process 35 exited with code 0
2023/10/11 01:35:04 [notice] 1#1: signal 29 (SIGIO) received
2023/10/11 01:35:04 [notice] 1#1: signal 17 (SIGCHLD) received from 30
2023/10/11 01:35:04 [notice] 1#1: worker process 30 exited with code 0
2023/10/11 01:35:04 [notice] 1#1: worker process 36 exited with code 0
2023/10/11 01:35:04 [notice] 1#1: signal 29 (SIGIO) received
2023/10/11 01:35:04 [notice] 1#1: signal 17 (SIGCHLD) received from 32
2023/10/11 01:35:04 [notice] 1#1: worker process 32 exited with code 0
2023/10/11 01:35:04 [notice] 1#1: signal 29 (SIGIO) received
2023/10/11 01:35:04 [notice] 1#1: signal 17 (SIGCHLD) received from 34
2023/10/11 01:35:04 [notice] 1#1: worker process 34 exited with code 0
2023/10/11 01:35:04 [notice] 1#1: exit
2023/10/11 01:35:15 [notice] 1#1: using the "epoll" event method
2023/10/11 01:35:15 [notice] 1#1: nginx/1.25.2
2023/10/11 01:35:15 [notice] 1#1: built by gcc 12.2.1 20220924 (Alpine 12.2.1_git20220924-r10) 
2023/10/11 01:35:15 [notice] 1#1: OS: Linux 6.4.16-linuxkit
2023/10/11 01:35:15 [notice] 1#1: getrlimit(RLIMIT_NOFILE): 1048576:1048576
2023/10/11 01:35:15 [notice] 1#1: start worker processes
2023/10/11 01:35:15 [notice] 1#1: start worker process 29
2023/10/11 01:35:15 [notice] 1#1: start worker process 30
2023/10/11 01:35:15 [notice] 1#1: start worker process 31
2023/10/11 01:35:15 [notice] 1#1: start worker process 32
2023/10/11 01:35:15 [notice] 1#1: start worker process 33
2023/10/11 01:35:15 [notice] 1#1: start worker process 34
2023/10/11 01:35:15 [notice] 1#1: start worker process 35
2023/10/11 01:35:15 [notice] 1#1: start worker process 36
2023/10/11 02:37:06 [notice] 1#1: signal 3 (SIGQUIT) received, shutting down
2023/10/11 02:37:06 [notice] 29#29: gracefully shutting down
2023/10/11 02:37:06 [notice] 29#29: exiting
2023/10/11 02:37:06 [notice] 30#30: gracefully shutting down
2023/10/11 02:37:06 [notice] 31#31: gracefully shutting down
2023/10/11 02:37:06 [notice] 33#33: gracefully shutting down
2023/10/11 02:37:06 [notice] 36#36: gracefully shutting down
2023/10/11 02:37:06 [notice] 36#36: exiting
2023/10/11 02:37:06 [notice] 34#34: gracefully shutting down
2023/10/11 02:37:06 [notice] 34#34: exiting
2023/10/11 02:37:06 [notice] 35#35: gracefully shutting down
2023/10/11 02:37:06 [notice] 32#32: gracefully shutting down
2023/10/11 02:37:06 [notice] 29#29: exit
2023/10/11 02:37:06 [notice] 30#30: exiting
2023/10/11 02:37:06 [notice] 31#31: exiting
2023/10/11 02:37:06 [notice] 33#33: exiting
2023/10/11 02:37:06 [notice] 36#36: exit
2023/10/11 02:37:06 [notice] 34#34: exit
2023/10/11 02:37:06 [notice] 35#35: exiting
2023/10/11 02:37:06 [notice] 32#32: exiting
2023/10/11 02:37:06 [notice] 30#30: exit
2023/10/11 02:37:06 [notice] 32#32: exit
2023/10/11 02:37:06 [notice] 31#31: exit
2023/10/11 02:37:06 [notice] 33#33: exit
2023/10/11 02:37:06 [notice] 35#35: exit
2023/10/11 02:37:06 [notice] 1#1: signal 17 (SIGCHLD) received from 29
2023/10/11 02:37:06 [notice] 1#1: worker process 29 exited with code 0
2023/10/11 02:37:06 [notice] 1#1: worker process 30 exited with code 0
2023/10/11 02:37:06 [notice] 1#1: worker process 34 exited with code 0
2023/10/11 02:37:06 [notice] 1#1: signal 29 (SIGIO) received
2023/10/11 02:37:06 [notice] 1#1: signal 17 (SIGCHLD) received from 30
2023/10/11 02:37:06 [notice] 1#1: worker process 31 exited with code 0
2023/10/11 02:37:06 [notice] 1#1: signal 29 (SIGIO) received
2023/10/11 02:37:06 [notice] 1#1: signal 17 (SIGCHLD) received from 35
2023/10/11 02:37:06 [notice] 1#1: worker process 32 exited with code 0
2023/10/11 02:37:06 [notice] 1#1: worker process 35 exited with code 0
2023/10/11 02:37:06 [notice] 1#1: signal 29 (SIGIO) received
2023/10/11 02:37:06 [notice] 1#1: signal 17 (SIGCHLD) received from 32
2023/10/11 02:37:06 [notice] 1#1: signal 17 (SIGCHLD) received from 33
2023/10/11 02:37:06 [notice] 1#1: worker process 33 exited with code 0
2023/10/11 02:37:06 [notice] 1#1: worker process 36 exited with code 0
2023/10/11 02:37:06 [notice] 1#1: exit
2023/10/11 02:44:24 [notice] 1#1: using the "epoll" event method
2023/10/11 02:44:24 [notice] 1#1: nginx/1.25.2
2023/10/11 02:44:24 [notice] 1#1: built by gcc 12.2.1 20220924 (Alpine 12.2.1_git20220924-r10) 
2023/10/11 02:44:24 [notice] 1#1: OS: Linux 6.4.16-linuxkit
2023/10/11 02:44:24 [notice] 1#1: getrlimit(RLIMIT_NOFILE): 1048576:1048576
2023/10/11 02:44:24 [notice] 1#1: start worker processes
2023/10/11 02:44:24 [notice] 1#1: start worker process 29
2023/10/11 02:44:24 [notice] 1#1: start worker process 30
2023/10/11 02:44:24 [notice] 1#1: start worker process 31
2023/10/11 02:44:24 [notice] 1#1: start worker process 32
2023/10/11 02:44:24 [notice] 1#1: start worker process 33
2023/10/11 02:44:24 [notice] 1#1: start worker process 34
2023/10/11 02:44:24 [notice] 1#1: start worker process 35
2023/10/11 02:44:24 [notice] 1#1: start worker process 36
2023/10/11 02:58:37 [notice] 1#1: signal 3 (SIGQUIT) received, shutting down
2023/10/11 02:58:37 [notice] 30#30: gracefully shutting down
2023/10/11 02:58:37 [notice] 30#30: exiting
2023/10/11 02:58:37 [notice] 32#32: gracefully shutting down
2023/10/11 02:58:37 [notice] 32#32: exiting
2023/10/11 02:58:37 [notice] 33#33: gracefully shutting down
2023/10/11 02:58:37 [notice] 33#33: exiting
2023/10/11 02:58:37 [notice] 34#34: gracefully shutting down
2023/10/11 02:58:37 [notice] 34#34: exiting
2023/10/11 02:58:37 [notice] 35#35: gracefully shutting down
2023/10/11 02:58:37 [notice] 29#29: gracefully shutting down
2023/10/11 02:58:37 [notice] 29#29: exiting
2023/10/11 02:58:37 [notice] 36#36: gracefully shutting down
2023/10/11 02:58:37 [notice] 36#36: exiting
2023/10/11 02:58:37 [notice] 31#31: gracefully shutting down
2023/10/11 02:58:37 [notice] 30#30: exit
2023/10/11 02:58:37 [notice] 32#32: exit
2023/10/11 02:58:37 [notice] 33#33: exit
2023/10/11 02:58:37 [notice] 34#34: exit
2023/10/11 02:58:37 [notice] 35#35: exiting
2023/10/11 02:58:37 [notice] 29#29: exit
2023/10/11 02:58:37 [notice] 36#36: exit
2023/10/11 02:58:37 [notice] 31#31: exiting
2023/10/11 02:58:37 [notice] 35#35: exit
2023/10/11 02:58:37 [notice] 31#31: exit
2023/10/11 02:58:37 [notice] 1#1: signal 17 (SIGCHLD) received from 30
2023/10/11 02:58:37 [notice] 1#1: worker process 30 exited with code 0
2023/10/11 02:58:37 [notice] 1#1: signal 29 (SIGIO) received
2023/10/11 02:58:37 [notice] 1#1: signal 17 (SIGCHLD) received from 29
2023/10/11 02:58:37 [notice] 1#1: worker process 29 exited with code 0
2023/10/11 02:58:37 [notice] 1#1: worker process 32 exited with code 0
2023/10/11 02:58:37 [notice] 1#1: signal 29 (SIGIO) received
2023/10/11 02:58:37 [notice] 1#1: signal 17 (SIGCHLD) received from 33
2023/10/11 02:58:37 [notice] 1#1: worker process 33 exited with code 0
2023/10/11 02:58:37 [notice] 1#1: signal 29 (SIGIO) received
2023/10/11 02:58:37 [notice] 1#1: signal 17 (SIGCHLD) received from 34
2023/10/11 02:58:37 [notice] 1#1: worker process 34 exited with code 0
2023/10/11 02:58:37 [notice] 1#1: worker process 31 exited with code 0
2023/10/11 02:58:37 [notice] 1#1: worker process 35 exited with code 0
2023/10/11 02:58:37 [notice] 1#1: worker process 36 exited with code 0
2023/10/11 02:58:37 [notice] 1#1: exit
2023/10/11 02:58:51 [notice] 1#1: using the "epoll" event method
2023/10/11 02:58:51 [notice] 1#1: nginx/1.25.2
2023/10/11 02:58:51 [notice] 1#1: built by gcc 12.2.1 20220924 (Alpine 12.2.1_git20220924-r10) 
2023/10/11 02:58:51 [notice] 1#1: OS: Linux 6.4.16-linuxkit
2023/10/11 02:58:51 [notice] 1#1: getrlimit(RLIMIT_NOFILE): 1048576:1048576
2023/10/11 02:58:51 [notice] 1#1: start worker processes
2023/10/11 02:58:51 [notice] 1#1: start worker process 29
2023/10/11 02:58:51 [notice] 1#1: start worker process 30
2023/10/11 02:58:51 [notice] 1#1: start worker process 31
2023/10/11 02:58:51 [notice] 1#1: start worker process 32
2023/10/11 02:58:51 [notice] 1#1: start worker process 33
2023/10/11 02:58:51 [notice] 1#1: start worker process 34
2023/10/11 02:58:51 [notice] 1#1: start worker process 35
2023/10/11 02:58:51 [notice] 1#1: start worker process 36
2023/10/11 03:04:28 [notice] 1#1: signal 3 (SIGQUIT) received, shutting down
2023/10/11 03:04:28 [notice] 30#30: gracefully shutting down
2023/10/11 03:04:28 [notice] 36#36: gracefully shutting down
2023/10/11 03:04:28 [notice] 36#36: exiting
2023/10/11 03:04:28 [notice] 32#32: gracefully shutting down
2023/10/11 03:04:28 [notice] 34#34: gracefully shutting down
2023/10/11 03:04:28 [notice] 33#33: gracefully shutting down
2023/10/11 03:04:28 [notice] 29#29: gracefully shutting down
2023/10/11 03:04:28 [notice] 31#31: gracefully shutting down
2023/10/11 03:04:28 [notice] 31#31: exiting
2023/10/11 03:04:28 [notice] 35#35: gracefully shutting down
2023/10/11 03:04:28 [notice] 30#30: exiting
2023/10/11 03:04:28 [notice] 32#32: exiting
2023/10/11 03:04:28 [notice] 36#36: exit
2023/10/11 03:04:28 [notice] 34#34: exiting
2023/10/11 03:04:28 [notice] 29#29: exiting
2023/10/11 03:04:28 [notice] 34#34: exit
2023/10/11 03:04:28 [notice] 33#33: exiting
2023/10/11 03:04:28 [notice] 31#31: exit
2023/10/11 03:04:28 [notice] 35#35: exiting
2023/10/11 03:04:28 [notice] 30#30: exit
2023/10/11 03:04:28 [notice] 32#32: exit
2023/10/11 03:04:28 [notice] 29#29: exit
2023/10/11 03:04:28 [notice] 33#33: exit
2023/10/11 03:04:28 [notice] 35#35: exit
2023/10/11 03:04:28 [notice] 1#1: signal 17 (SIGCHLD) received from 36
2023/10/11 03:04:28 [notice] 1#1: worker process 32 exited with code 0
2023/10/11 03:04:28 [notice] 1#1: worker process 36 exited with code 0
2023/10/11 03:04:28 [notice] 1#1: signal 29 (SIGIO) received
2023/10/11 03:04:28 [notice] 1#1: signal 17 (SIGCHLD) received from 29
2023/10/11 03:04:28 [notice] 1#1: worker process 29 exited with code 0
2023/10/11 03:04:28 [notice] 1#1: worker process 33 exited with code 0
2023/10/11 03:04:28 [notice] 1#1: worker process 31 exited with code 0
2023/10/11 03:04:28 [notice] 1#1: worker process 34 exited with code 0
2023/10/11 03:04:28 [notice] 1#1: worker process 35 exited with code 0
2023/10/11 03:04:28 [notice] 1#1: signal 29 (SIGIO) received
2023/10/11 03:04:28 [notice] 1#1: signal 17 (SIGCHLD) received from 35
2023/10/11 03:04:28 [notice] 1#1: signal 17 (SIGCHLD) received from 30
2023/10/11 03:04:28 [notice] 1#1: worker process 30 exited with code 0
2023/10/11 03:04:28 [notice] 1#1: exit
2023/10/11 03:04:29 [notice] 1#1: using the "epoll" event method
2023/10/11 03:04:29 [notice] 1#1: nginx/1.25.2
2023/10/11 03:04:29 [notice] 1#1: built by gcc 12.2.1 20220924 (Alpine 12.2.1_git20220924-r10) 
2023/10/11 03:04:29 [notice] 1#1: OS: Linux 6.4.16-linuxkit
2023/10/11 03:04:29 [notice] 1#1: getrlimit(RLIMIT_NOFILE): 1048576:1048576
2023/10/11 03:04:29 [notice] 1#1: start worker processes
2023/10/11 03:04:29 [notice] 1#1: start worker process 29
2023/10/11 03:04:29 [notice] 1#1: start worker process 30
2023/10/11 03:04:29 [notice] 1#1: start worker process 31
2023/10/11 03:04:29 [notice] 1#1: start worker process 32
2023/10/11 03:04:29 [notice] 1#1: start worker process 33
2023/10/11 03:04:29 [notice] 1#1: start worker process 34
2023/10/11 03:04:29 [notice] 1#1: start worker process 35
2023/10/11 03:04:29 [notice] 1#1: start worker process 36
2023/10/11 03:07:18 [notice] 1#1: signal 3 (SIGQUIT) received, shutting down
2023/10/11 03:07:18 [notice] 29#29: gracefully shutting down
2023/10/11 03:07:18 [notice] 35#35: gracefully shutting down
2023/10/11 03:07:18 [notice] 35#35: exiting
2023/10/11 03:07:18 [notice] 30#30: gracefully shutting down
2023/10/11 03:07:18 [notice] 35#35: exit
2023/10/11 03:07:18 [notice] 34#34: gracefully shutting down
2023/10/11 03:07:18 [notice] 34#34: exiting
2023/10/11 03:07:18 [notice] 36#36: gracefully shutting down
2023/10/11 03:07:18 [notice] 36#36: exiting
2023/10/11 03:07:18 [notice] 36#36: exit
2023/10/11 03:07:18 [notice] 33#33: gracefully shutting down
2023/10/11 03:07:18 [notice] 33#33: exiting
2023/10/11 03:07:18 [notice] 31#31: gracefully shutting down
2023/10/11 03:07:18 [notice] 33#33: exit
2023/10/11 03:07:18 [notice] 32#32: gracefully shutting down
2023/10/11 03:07:18 [notice] 32#32: exiting
2023/10/11 03:07:18 [notice] 32#32: exit
2023/10/11 03:07:18 [notice] 29#29: exiting
2023/10/11 03:07:18 [notice] 30#30: exiting
2023/10/11 03:07:18 [notice] 30#30: exit
2023/10/11 03:07:18 [notice] 34#34: exit
2023/10/11 03:07:18 [notice] 31#31: exiting
2023/10/11 03:07:18 [notice] 29#29: exit
2023/10/11 03:07:18 [notice] 31#31: exit
2023/10/11 03:07:18 [notice] 1#1: signal 17 (SIGCHLD) received from 35
2023/10/11 03:07:18 [notice] 1#1: worker process 35 exited with code 0
2023/10/11 03:07:18 [notice] 1#1: signal 29 (SIGIO) received
2023/10/11 03:07:18 [notice] 1#1: signal 17 (SIGCHLD) received from 32
2023/10/11 03:07:18 [notice] 1#1: worker process 32 exited with code 0
2023/10/11 03:07:18 [notice] 1#1: signal 29 (SIGIO) received
2023/10/11 03:07:18 [notice] 1#1: signal 17 (SIGCHLD) received from 33
2023/10/11 03:07:18 [notice] 1#1: worker process 33 exited with code 0
2023/10/11 03:07:18 [notice] 1#1: signal 29 (SIGIO) received
2023/10/11 03:07:18 [notice] 1#1: signal 17 (SIGCHLD) received from 36
2023/10/11 03:07:18 [notice] 1#1: worker process 36 exited with code 0
2023/10/11 03:07:18 [notice] 1#1: signal 29 (SIGIO) received
2023/10/11 03:07:18 [notice] 1#1: signal 17 (SIGCHLD) received from 31
2023/10/11 03:07:18 [notice] 1#1: worker process 31 exited with code 0
2023/10/11 03:07:18 [notice] 1#1: signal 29 (SIGIO) received
2023/10/11 03:07:18 [notice] 1#1: signal 17 (SIGCHLD) received from 29
2023/10/11 03:07:18 [notice] 1#1: worker process 29 exited with code 0
2023/10/11 03:07:18 [notice] 1#1: signal 29 (SIGIO) received
2023/10/11 03:07:18 [notice] 1#1: signal 17 (SIGCHLD) received from 30
2023/10/11 03:07:18 [notice] 1#1: worker process 30 exited with code 0
2023/10/11 03:07:18 [notice] 1#1: signal 17 (SIGCHLD) received from 34
2023/10/11 03:07:18 [notice] 1#1: worker process 34 exited with code 0
2023/10/11 03:07:18 [notice] 1#1: exit
2023/10/11 03:07:19 [notice] 1#1: using the "epoll" event method
2023/10/11 03:07:19 [notice] 1#1: nginx/1.25.2
2023/10/11 03:07:19 [notice] 1#1: built by gcc 12.2.1 20220924 (Alpine 12.2.1_git20220924-r10) 
2023/10/11 03:07:19 [notice] 1#1: OS: Linux 6.4.16-linuxkit
2023/10/11 03:07:19 [notice] 1#1: getrlimit(RLIMIT_NOFILE): 1048576:1048576
2023/10/11 03:07:19 [notice] 1#1: start worker processes
2023/10/11 03:07:19 [notice] 1#1: start worker process 29
2023/10/11 03:07:19 [notice] 1#1: start worker process 30
2023/10/11 03:07:19 [notice] 1#1: start worker process 31
2023/10/11 03:07:19 [notice] 1#1: start worker process 32
2023/10/11 03:07:19 [notice] 1#1: start worker process 33
2023/10/11 03:07:19 [notice] 1#1: start worker process 34
2023/10/11 03:07:19 [notice] 1#1: start worker process 35
2023/10/11 03:07:19 [notice] 1#1: start worker process 36
2023/10/11 04:13:44 [notice] 1#1: signal 3 (SIGQUIT) received, shutting down
2023/10/11 04:13:44 [notice] 29#29: gracefully shutting down
2023/10/11 04:13:44 [notice] 31#31: gracefully shutting down
2023/10/11 04:13:44 [notice] 31#31: exiting
2023/10/11 04:13:44 [notice] 30#30: gracefully shutting down
2023/10/11 04:13:44 [notice] 30#30: exiting
2023/10/11 04:13:44 [notice] 36#36: gracefully shutting down
2023/10/11 04:13:44 [notice] 34#34: gracefully shutting down
2023/10/11 04:13:44 [notice] 34#34: exiting
2023/10/11 04:13:44 [notice] 35#35: gracefully shutting down
2023/10/11 04:13:44 [notice] 33#33: gracefully shutting down
2023/10/11 04:13:44 [notice] 33#33: exiting
2023/10/11 04:13:44 [notice] 32#32: gracefully shutting down
2023/10/11 04:13:44 [notice] 32#32: exiting
2023/10/11 04:13:44 [notice] 29#29: exiting
2023/10/11 04:13:44 [notice] 31#31: exit
2023/10/11 04:13:44 [notice] 29#29: exit
2023/10/11 04:13:44 [notice] 36#36: exiting
2023/10/11 04:13:44 [notice] 36#36: exit
2023/10/11 04:13:44 [notice] 30#30: exit
2023/10/11 04:13:44 [notice] 34#34: exit
2023/10/11 04:13:44 [notice] 35#35: exiting
2023/10/11 04:13:44 [notice] 32#32: exit
2023/10/11 04:13:44 [notice] 33#33: exit
2023/10/11 04:13:44 [notice] 35#35: exit
2023/10/11 04:13:44 [notice] 1#1: signal 17 (SIGCHLD) received from 31
2023/10/11 04:13:44 [notice] 1#1: worker process 31 exited with code 0
2023/10/11 04:13:44 [notice] 1#1: signal 29 (SIGIO) received
2023/10/11 04:13:44 [notice] 1#1: signal 17 (SIGCHLD) received from 34
2023/10/11 04:13:44 [notice] 1#1: worker process 29 exited with code 0
2023/10/11 04:13:44 [notice] 1#1: worker process 30 exited with code 0
2023/10/11 04:13:44 [notice] 1#1: worker process 34 exited with code 0
2023/10/11 04:13:44 [notice] 1#1: worker process 36 exited with code 0
2023/10/11 04:13:44 [notice] 1#1: signal 29 (SIGIO) received
2023/10/11 04:13:44 [notice] 1#1: signal 17 (SIGCHLD) received from 33
2023/10/11 04:13:44 [notice] 1#1: worker process 33 exited with code 0
2023/10/11 04:13:44 [notice] 1#1: signal 29 (SIGIO) received
2023/10/11 04:13:44 [notice] 1#1: signal 17 (SIGCHLD) received from 32
2023/10/11 04:13:44 [notice] 1#1: worker process 32 exited with code 0
2023/10/11 04:13:44 [notice] 1#1: worker process 35 exited with code 0
2023/10/11 04:13:44 [notice] 1#1: exit
2023/10/11 04:13:44 [emerg] 1#1: host not found in upstream "wordpress" in /etc/nginx/conf.d/default.conf:19
2023/10/11 04:14:20 [notice] 1#1: using the "epoll" event method
2023/10/11 04:14:20 [notice] 1#1: nginx/1.25.2
2023/10/11 04:14:20 [notice] 1#1: built by gcc 12.2.1 20220924 (Alpine 12.2.1_git20220924-r10) 
2023/10/11 04:14:20 [notice] 1#1: OS: Linux 6.4.16-linuxkit
2023/10/11 04:14:20 [notice] 1#1: getrlimit(RLIMIT_NOFILE): 1048576:1048576
2023/10/11 04:14:20 [notice] 1#1: start worker processes
2023/10/11 04:14:20 [notice] 1#1: start worker process 29
2023/10/11 04:14:20 [notice] 1#1: start worker process 30
2023/10/11 04:14:20 [notice] 1#1: start worker process 31
2023/10/11 04:14:20 [notice] 1#1: start worker process 32
2023/10/11 04:14:20 [notice] 1#1: start worker process 33
2023/10/11 04:14:20 [notice] 1#1: start worker process 34
2023/10/11 04:14:20 [notice] 1#1: start worker process 35
2023/10/11 04:14:20 [notice] 1#1: start worker process 36
