2023/10/09 02:21:05 [notice] 1#1: using the "epoll" event method
2023/10/09 02:21:05 [notice] 1#1: nginx/1.25.2
2023/10/09 02:21:05 [notice] 1#1: built by gcc 12.2.1 20220924 (Alpine 12.2.1_git20220924-r10) 
2023/10/09 02:21:05 [notice] 1#1: OS: Linux 5.19.15-201.fc36.x86_64
2023/10/09 02:21:05 [notice] 1#1: getrlimit(RLIMIT_NOFILE): 1073741816:1073741816
2023/10/09 02:21:05 [notice] 1#1: start worker processes
2023/10/09 02:21:05 [notice] 1#1: start worker process 29
2023/10/09 02:21:05 [notice] 1#1: start worker process 30
2023/10/09 02:21:05 [notice] 1#1: start worker process 31
2023/10/09 02:21:05 [notice] 1#1: start worker process 32
2023/10/09 02:21:05 [notice] 1#1: start worker process 33
2023/10/09 02:21:05 [notice] 1#1: start worker process 34
2023/10/09 02:21:05 [notice] 1#1: start worker process 35
2023/10/09 02:21:05 [notice] 1#1: start worker process 36
2023/10/09 02:21:29 [notice] 1#1: signal 3 (SIGQUIT) received, shutting down
2023/10/09 02:21:29 [notice] 29#29: gracefully shutting down
2023/10/09 02:21:29 [notice] 31#31: gracefully shutting down
2023/10/09 02:21:29 [notice] 29#29: exiting
2023/10/09 02:21:29 [notice] 33#33: gracefully shutting down
2023/10/09 02:21:29 [notice] 32#32: gracefully shutting down
2023/10/09 02:21:29 [notice] 31#31: exiting
2023/10/09 02:21:29 [notice] 33#33: exiting
2023/10/09 02:21:29 [notice] 32#32: exiting
2023/10/09 02:21:29 [notice] 29#29: exit
2023/10/09 02:21:29 [notice] 32#32: exit
2023/10/09 02:21:29 [notice] 31#31: exit
2023/10/09 02:21:29 [notice] 33#33: exit
2023/10/09 02:21:29 [notice] 34#34: gracefully shutting down
2023/10/09 02:21:29 [notice] 34#34: exiting
2023/10/09 02:21:29 [notice] 35#35: gracefully shutting down
2023/10/09 02:21:29 [notice] 30#30: gracefully shutting down
2023/10/09 02:21:29 [notice] 35#35: exiting
2023/10/09 02:21:29 [notice] 30#30: exiting
2023/10/09 02:21:29 [notice] 36#36: gracefully shutting down
2023/10/09 02:21:29 [notice] 30#30: exit
2023/10/09 02:21:29 [notice] 36#36: exiting
2023/10/09 02:21:29 [notice] 35#35: exit
2023/10/09 02:21:29 [notice] 36#36: exit
2023/10/09 02:21:29 [notice] 34#34: exit
2023/10/09 02:21:29 [notice] 1#1: signal 17 (SIGCHLD) received from 32
2023/10/09 02:21:29 [notice] 1#1: worker process 30 exited with code 0
2023/10/09 02:21:29 [notice] 1#1: worker process 32 exited with code 0
2023/10/09 02:21:29 [notice] 1#1: signal 29 (SIGIO) received
2023/10/09 02:21:29 [notice] 1#1: signal 17 (SIGCHLD) received from 29
2023/10/09 02:21:29 [notice] 1#1: worker process 29 exited with code 0
2023/10/09 02:21:29 [notice] 1#1: worker process 34 exited with code 0
2023/10/09 02:21:29 [notice] 1#1: signal 29 (SIGIO) received
2023/10/09 02:21:29 [notice] 1#1: signal 17 (SIGCHLD) received from 34
2023/10/09 02:21:29 [notice] 1#1: worker process 33 exited with code 0
2023/10/09 02:21:29 [notice] 1#1: signal 29 (SIGIO) received
2023/10/09 02:21:29 [notice] 1#1: signal 17 (SIGCHLD) received from 31
2023/10/09 02:21:29 [notice] 1#1: worker process 31 exited with code 0
2023/10/09 02:21:29 [notice] 1#1: signal 29 (SIGIO) received
2023/10/09 02:21:29 [notice] 1#1: signal 17 (SIGCHLD) received from 35
2023/10/09 02:21:29 [notice] 1#1: worker process 35 exited with code 0
2023/10/09 02:21:29 [notice] 1#1: signal 29 (SIGIO) received
2023/10/09 02:21:29 [notice] 1#1: signal 17 (SIGCHLD) received from 36
2023/10/09 02:21:29 [notice] 1#1: worker process 36 exited with code 0
2023/10/09 02:21:29 [notice] 1#1: exit
2023/10/09 02:21:48 [notice] 1#1: using the "epoll" event method
2023/10/09 02:21:48 [notice] 1#1: nginx/1.25.2
2023/10/09 02:21:48 [notice] 1#1: built by gcc 12.2.1 20220924 (Alpine 12.2.1_git20220924-r10) 
2023/10/09 02:21:48 [notice] 1#1: OS: Linux 5.19.15-201.fc36.x86_64
2023/10/09 02:21:48 [notice] 1#1: getrlimit(RLIMIT_NOFILE): 1073741816:1073741816
2023/10/09 02:21:48 [notice] 1#1: start worker processes
2023/10/09 02:21:48 [notice] 1#1: start worker process 29
2023/10/09 02:21:48 [notice] 1#1: start worker process 30
2023/10/09 02:21:48 [notice] 1#1: start worker process 31
2023/10/09 02:21:48 [notice] 1#1: start worker process 32
2023/10/09 02:21:48 [notice] 1#1: start worker process 33
2023/10/09 02:21:48 [notice] 1#1: start worker process 34
2023/10/09 02:21:48 [notice] 1#1: start worker process 35
2023/10/09 02:21:48 [notice] 1#1: start worker process 36
2023/10/09 02:23:45 [error] 29#29: *1 directory index of "/var/www/html/" is forbidden, client: 172.23.0.1, server: , request: "GET / HTTP/1.1", host: "localhost:8080"
2023/10/09 02:23:45 [error] 29#29: *1 open() "/var/www/html/favicon.ico" failed (2: No such file or directory), client: 172.23.0.1, server: , request: "GET /favicon.ico HTTP/1.1", host: "localhost:8080", referrer: "http://localhost:8080/"
2023/10/09 02:32:39 [notice] 1#1: signal 3 (SIGQUIT) received, shutting down
2023/10/09 02:32:39 [notice] 30#30: gracefully shutting down
2023/10/09 02:32:39 [notice] 29#29: gracefully shutting down
2023/10/09 02:32:39 [notice] 31#31: gracefully shutting down
2023/10/09 02:32:39 [notice] 32#32: gracefully shutting down
2023/10/09 02:32:39 [notice] 34#34: gracefully shutting down
2023/10/09 02:32:39 [notice] 33#33: gracefully shutting down
2023/10/09 02:32:39 [notice] 36#36: gracefully shutting down
2023/10/09 02:32:39 [notice] 32#32: exiting
2023/10/09 02:32:39 [notice] 34#34: exiting
2023/10/09 02:32:39 [notice] 33#33: exiting
2023/10/09 02:32:39 [notice] 36#36: exiting
2023/10/09 02:32:39 [notice] 33#33: exit
2023/10/09 02:32:39 [notice] 32#32: exit
2023/10/09 02:32:39 [notice] 34#34: exit
2023/10/09 02:32:39 [notice] 36#36: exit
2023/10/09 02:32:39 [notice] 30#30: exiting
2023/10/09 02:32:39 [notice] 30#30: exit
2023/10/09 02:32:39 [notice] 29#29: exiting
2023/10/09 02:32:39 [notice] 29#29: exit
2023/10/09 02:32:39 [notice] 35#35: gracefully shutting down
2023/10/09 02:32:39 [notice] 35#35: exiting
2023/10/09 02:32:39 [notice] 31#31: exiting
2023/10/09 02:32:39 [notice] 35#35: exit
2023/10/09 02:32:39 [notice] 31#31: exit
2023/10/09 02:32:39 [notice] 1#1: signal 17 (SIGCHLD) received from 34
2023/10/09 02:32:39 [notice] 1#1: worker process 34 exited with code 0
2023/10/09 02:32:39 [notice] 1#1: signal 29 (SIGIO) received
2023/10/09 02:32:39 [notice] 1#1: signal 17 (SIGCHLD) received from 33
2023/10/09 02:32:39 [notice] 1#1: worker process 31 exited with code 0
2023/10/09 02:32:39 [notice] 1#1: worker process 33 exited with code 0
2023/10/09 02:32:39 [notice] 1#1: worker process 35 exited with code 0
2023/10/09 02:32:39 [notice] 1#1: worker process 36 exited with code 0
2023/10/09 02:32:39 [notice] 1#1: signal 29 (SIGIO) received
2023/10/09 02:32:39 [notice] 1#1: signal 17 (SIGCHLD) received from 29
2023/10/09 02:32:39 [notice] 1#1: worker process 29 exited with code 0
2023/10/09 02:32:39 [notice] 1#1: worker process 30 exited with code 0
2023/10/09 02:32:39 [notice] 1#1: signal 29 (SIGIO) received
2023/10/09 02:32:39 [notice] 1#1: signal 17 (SIGCHLD) received from 32
2023/10/09 02:32:39 [notice] 1#1: worker process 32 exited with code 0
2023/10/09 02:32:39 [notice] 1#1: exit
2023/10/09 02:33:00 [notice] 1#1: using the "epoll" event method
2023/10/09 02:33:00 [notice] 1#1: nginx/1.25.2
2023/10/09 02:33:00 [notice] 1#1: built by gcc 12.2.1 20220924 (Alpine 12.2.1_git20220924-r10) 
2023/10/09 02:33:00 [notice] 1#1: OS: Linux 5.19.15-201.fc36.x86_64
2023/10/09 02:33:00 [notice] 1#1: getrlimit(RLIMIT_NOFILE): 1073741816:1073741816
2023/10/09 02:33:00 [notice] 1#1: start worker processes
2023/10/09 02:33:00 [notice] 1#1: start worker process 29
2023/10/09 02:33:00 [notice] 1#1: start worker process 30
2023/10/09 02:33:00 [notice] 1#1: start worker process 31
2023/10/09 02:33:00 [notice] 1#1: start worker process 32
2023/10/09 02:33:00 [notice] 1#1: start worker process 33
2023/10/09 02:33:00 [notice] 1#1: start worker process 34
2023/10/09 02:33:00 [notice] 1#1: start worker process 35
2023/10/09 02:33:00 [notice] 1#1: start worker process 36
2023/10/09 02:33:37 [notice] 1#1: signal 3 (SIGQUIT) received, shutting down
2023/10/09 02:33:37 [notice] 30#30: gracefully shutting down
2023/10/09 02:33:37 [notice] 31#31: gracefully shutting down
2023/10/09 02:33:37 [notice] 33#33: gracefully shutting down
2023/10/09 02:33:37 [notice] 30#30: exiting
2023/10/09 02:33:37 [notice] 31#31: exiting
2023/10/09 02:33:37 [notice] 33#33: exiting
2023/10/09 02:33:37 [notice] 33#33: exit
2023/10/09 02:33:37 [notice] 31#31: exit
2023/10/09 02:33:37 [notice] 30#30: exit
2023/10/09 02:33:37 [notice] 29#29: gracefully shutting down
2023/10/09 02:33:37 [notice] 29#29: exiting
2023/10/09 02:33:37 [notice] 35#35: gracefully shutting down
2023/10/09 02:33:37 [notice] 36#36: gracefully shutting down
2023/10/09 02:33:37 [notice] 35#35: exiting
2023/10/09 02:33:37 [notice] 36#36: exiting
2023/10/09 02:33:37 [notice] 29#29: exit
2023/10/09 02:33:37 [notice] 35#35: exit
2023/10/09 02:33:37 [notice] 36#36: exit
2023/10/09 02:33:37 [notice] 32#32: gracefully shutting down
2023/10/09 02:33:37 [notice] 32#32: exiting
2023/10/09 02:33:37 [notice] 32#32: exit
2023/10/09 02:33:37 [notice] 34#34: gracefully shutting down
2023/10/09 02:33:37 [notice] 34#34: exiting
2023/10/09 02:33:37 [notice] 34#34: exit
2023/10/09 02:33:37 [notice] 1#1: signal 17 (SIGCHLD) received from 29
2023/10/09 02:33:37 [notice] 1#1: worker process 29 exited with code 0
2023/10/09 02:33:37 [notice] 1#1: worker process 35 exited with code 0
2023/10/09 02:33:37 [notice] 1#1: signal 29 (SIGIO) received
2023/10/09 02:33:37 [notice] 1#1: signal 17 (SIGCHLD) received from 35
2023/10/09 02:33:37 [notice] 1#1: signal 17 (SIGCHLD) received from 36
2023/10/09 02:33:37 [notice] 1#1: worker process 36 exited with code 0
2023/10/09 02:33:37 [notice] 1#1: signal 29 (SIGIO) received
2023/10/09 02:33:37 [notice] 1#1: signal 17 (SIGCHLD) received from 30
2023/10/09 02:33:37 [notice] 1#1: worker process 30 exited with code 0
2023/10/09 02:33:37 [notice] 1#1: signal 29 (SIGIO) received
2023/10/09 02:33:37 [notice] 1#1: signal 17 (SIGCHLD) received from 33
2023/10/09 02:33:37 [notice] 1#1: worker process 33 exited with code 0
2023/10/09 02:33:37 [notice] 1#1: worker process 34 exited with code 0
2023/10/09 02:33:37 [notice] 1#1: signal 29 (SIGIO) received
2023/10/09 02:33:37 [notice] 1#1: signal 17 (SIGCHLD) received from 34
2023/10/09 02:33:37 [notice] 1#1: signal 17 (SIGCHLD) received from 31
2023/10/09 02:33:37 [notice] 1#1: worker process 31 exited with code 0
2023/10/09 02:33:37 [notice] 1#1: signal 29 (SIGIO) received
2023/10/09 02:33:37 [notice] 1#1: signal 17 (SIGCHLD) received from 32
2023/10/09 02:33:37 [notice] 1#1: worker process 32 exited with code 0
2023/10/09 02:33:37 [notice] 1#1: exit
2023/10/09 02:34:09 [notice] 1#1: using the "epoll" event method
2023/10/09 02:34:09 [notice] 1#1: nginx/1.25.2
2023/10/09 02:34:09 [notice] 1#1: built by gcc 12.2.1 20220924 (Alpine 12.2.1_git20220924-r10) 
2023/10/09 02:34:09 [notice] 1#1: OS: Linux 5.19.15-201.fc36.x86_64
2023/10/09 02:34:09 [notice] 1#1: getrlimit(RLIMIT_NOFILE): 1073741816:1073741816
2023/10/09 02:34:09 [notice] 1#1: start worker processes
2023/10/09 02:34:09 [notice] 1#1: start worker process 29
2023/10/09 02:34:09 [notice] 1#1: start worker process 30
2023/10/09 02:34:09 [notice] 1#1: start worker process 31
2023/10/09 02:34:09 [notice] 1#1: start worker process 32
2023/10/09 02:34:09 [notice] 1#1: start worker process 33
2023/10/09 02:34:09 [notice] 1#1: start worker process 34
2023/10/09 02:34:09 [notice] 1#1: start worker process 35
2023/10/09 02:34:09 [notice] 1#1: start worker process 36
2023/10/09 02:35:26 [notice] 1#1: signal 3 (SIGQUIT) received, shutting down
2023/10/09 02:35:26 [notice] 32#32: gracefully shutting down
2023/10/09 02:35:26 [notice] 29#29: gracefully shutting down
2023/10/09 02:35:26 [notice] 30#30: gracefully shutting down
2023/10/09 02:35:26 [notice] 34#34: gracefully shutting down
2023/10/09 02:35:26 [notice] 32#32: exiting
2023/10/09 02:35:26 [notice] 30#30: exiting
2023/10/09 02:35:26 [notice] 29#29: exiting
2023/10/09 02:35:26 [notice] 34#34: exiting
2023/10/09 02:35:26 [notice] 29#29: exit
2023/10/09 02:35:26 [notice] 32#32: exit
2023/10/09 02:35:26 [notice] 30#30: exit
2023/10/09 02:35:26 [notice] 34#34: exit
2023/10/09 02:35:26 [notice] 33#33: gracefully shutting down
2023/10/09 02:35:26 [notice] 33#33: exiting
2023/10/09 02:35:26 [notice] 33#33: exit
2023/10/09 02:35:26 [notice] 31#31: gracefully shutting down
2023/10/09 02:35:26 [notice] 31#31: exiting
2023/10/09 02:35:26 [notice] 35#35: gracefully shutting down
2023/10/09 02:35:26 [notice] 35#35: exiting
2023/10/09 02:35:26 [notice] 31#31: exit
2023/10/09 02:35:26 [notice] 35#35: exit
2023/10/09 02:35:26 [notice] 36#36: gracefully shutting down
2023/10/09 02:35:26 [notice] 36#36: exiting
2023/10/09 02:35:26 [notice] 36#36: exit
2023/10/09 02:35:26 [notice] 1#1: signal 17 (SIGCHLD) received from 30
2023/10/09 02:35:26 [notice] 1#1: worker process 30 exited with code 0
2023/10/09 02:35:26 [notice] 1#1: worker process 34 exited with code 0
2023/10/09 02:35:26 [notice] 1#1: worker process 35 exited with code 0
2023/10/09 02:35:26 [notice] 1#1: worker process 36 exited with code 0
2023/10/09 02:35:26 [notice] 1#1: signal 29 (SIGIO) received
2023/10/09 02:35:26 [notice] 1#1: signal 17 (SIGCHLD) received from 36
2023/10/09 02:35:26 [notice] 1#1: signal 17 (SIGCHLD) received from 32
2023/10/09 02:35:26 [notice] 1#1: worker process 29 exited with code 0
2023/10/09 02:35:26 [notice] 1#1: worker process 32 exited with code 0
2023/10/09 02:35:26 [notice] 1#1: signal 29 (SIGIO) received
2023/10/09 02:35:26 [notice] 1#1: signal 17 (SIGCHLD) received from 31
2023/10/09 02:35:26 [notice] 1#1: worker process 31 exited with code 0
2023/10/09 02:35:26 [notice] 1#1: worker process 33 exited with code 0
2023/10/09 02:35:26 [notice] 1#1: exit
2023/10/09 02:41:48 [notice] 1#1: using the "epoll" event method
2023/10/09 02:41:48 [notice] 1#1: nginx/1.25.2
2023/10/09 02:41:48 [notice] 1#1: built by gcc 12.2.1 20220924 (Alpine 12.2.1_git20220924-r10) 
2023/10/09 02:41:48 [notice] 1#1: OS: Linux 5.19.15-201.fc36.x86_64
2023/10/09 02:41:48 [notice] 1#1: getrlimit(RLIMIT_NOFILE): 1073741816:1073741816
2023/10/09 02:41:48 [notice] 1#1: start worker processes
2023/10/09 02:41:48 [notice] 1#1: start worker process 30
2023/10/09 02:41:48 [notice] 1#1: start worker process 31
2023/10/09 02:41:48 [notice] 1#1: start worker process 32
2023/10/09 02:41:48 [notice] 1#1: start worker process 33
2023/10/09 02:41:48 [notice] 1#1: start worker process 34
2023/10/09 02:41:48 [notice] 1#1: start worker process 35
2023/10/09 02:41:48 [notice] 1#1: start worker process 36
2023/10/09 02:41:48 [notice] 1#1: start worker process 37
2023/10/09 02:42:09 [error] 30#30: *1 open() "/var/www/html/favicon.ico" failed (2: No such file or directory), client: 172.26.0.1, server: , request: "GET /favicon.ico HTTP/1.1", host: "localhost:8080", referrer: "http://localhost:8080/"
2023/10/09 02:55:10 [error] 30#30: *27 open() "/var/www/html/favicon.ico" failed (2: No such file or directory), client: 172.26.0.1, server: , request: "GET /favicon.ico HTTP/1.1", host: "localhost:8080", referrer: "http://localhost:8080/"
2023/10/09 02:55:17 [error] 30#30: *25 open() "/var/www/html/favicon.ico" failed (2: No such file or directory), client: 172.26.0.1, server: , request: "GET /favicon.ico HTTP/1.1", host: "localhost:8080", referrer: "http://localhost:8080/"
2023/10/09 02:55:18 [error] 30#30: *25 open() "/var/www/html/favicon.ico" failed (2: No such file or directory), client: 172.26.0.1, server: , request: "GET /favicon.ico HTTP/1.1", host: "localhost:8080", referrer: "http://localhost:8080/"
2023/10/09 02:55:20 [error] 30#30: *25 open() "/var/www/html/favicon.ico" failed (2: No such file or directory), client: 172.26.0.1, server: , request: "GET /favicon.ico HTTP/1.1", host: "localhost:8080", referrer: "http://localhost:8080/"
2023/10/09 03:10:39 [notice] 1#1: signal 3 (SIGQUIT) received, shutting down
2023/10/09 03:10:39 [notice] 31#31: gracefully shutting down
2023/10/09 03:10:39 [notice] 30#30: gracefully shutting down
2023/10/09 03:10:39 [notice] 32#32: gracefully shutting down
2023/10/09 03:10:39 [notice] 35#35: gracefully shutting down
2023/10/09 03:10:39 [notice] 37#37: gracefully shutting down
2023/10/09 03:10:39 [notice] 31#31: exiting
2023/10/09 03:10:39 [notice] 33#33: gracefully shutting down
2023/10/09 03:10:39 [notice] 30#30: exiting
2023/10/09 03:10:39 [notice] 32#32: exiting
2023/10/09 03:10:39 [notice] 35#35: exiting
2023/10/09 03:10:39 [notice] 37#37: exiting
2023/10/09 03:10:39 [notice] 33#33: exiting
2023/10/09 03:10:39 [notice] 31#31: exit
2023/10/09 03:10:39 [notice] 30#30: exit
2023/10/09 03:10:39 [notice] 35#35: exit
2023/10/09 03:10:39 [notice] 32#32: exit
2023/10/09 03:10:39 [notice] 37#37: exit
2023/10/09 03:10:39 [notice] 33#33: exit
2023/10/09 03:10:39 [notice] 34#34: gracefully shutting down
2023/10/09 03:10:39 [notice] 34#34: exiting
2023/10/09 03:10:39 [notice] 34#34: exit
2023/10/09 03:10:39 [notice] 36#36: gracefully shutting down
2023/10/09 03:10:39 [notice] 36#36: exiting
2023/10/09 03:10:39 [notice] 36#36: exit
2023/10/09 03:10:39 [notice] 1#1: signal 17 (SIGCHLD) received from 35
2023/10/09 03:10:39 [notice] 1#1: worker process 31 exited with code 0
2023/10/09 03:10:39 [notice] 1#1: worker process 32 exited with code 0
2023/10/09 03:10:39 [notice] 1#1: worker process 33 exited with code 0
2023/10/09 03:10:39 [notice] 1#1: worker process 34 exited with code 0
2023/10/09 03:10:39 [notice] 1#1: worker process 35 exited with code 0
2023/10/09 03:10:39 [notice] 1#1: signal 29 (SIGIO) received
2023/10/09 03:10:39 [notice] 1#1: signal 17 (SIGCHLD) received from 32
2023/10/09 03:10:39 [notice] 1#1: signal 17 (SIGCHLD) received from 30
2023/10/09 03:10:39 [notice] 1#1: worker process 30 exited with code 0
2023/10/09 03:10:39 [notice] 1#1: signal 29 (SIGIO) received
2023/10/09 03:10:39 [notice] 1#1: signal 17 (SIGCHLD) received from 37
2023/10/09 03:10:39 [notice] 1#1: worker process 37 exited with code 0
2023/10/09 03:10:39 [notice] 1#1: signal 29 (SIGIO) received
2023/10/09 03:10:39 [notice] 1#1: signal 17 (SIGCHLD) received from 36
2023/10/09 03:10:39 [notice] 1#1: worker process 36 exited with code 0
2023/10/09 03:10:39 [notice] 1#1: exit
2023/10/09 03:25:47 [notice] 1#1: using the "epoll" event method
2023/10/09 03:25:47 [notice] 1#1: nginx/1.25.2
2023/10/09 03:25:47 [notice] 1#1: built by gcc 12.2.1 20220924 (Alpine 12.2.1_git20220924-r10) 
2023/10/09 03:25:47 [notice] 1#1: OS: Linux 5.19.15-201.fc36.x86_64
2023/10/09 03:25:47 [notice] 1#1: getrlimit(RLIMIT_NOFILE): 1073741816:1073741816
2023/10/09 03:25:47 [notice] 1#1: start worker processes
2023/10/09 03:25:47 [notice] 1#1: start worker process 29
2023/10/09 03:25:47 [notice] 1#1: start worker process 30
2023/10/09 03:25:47 [notice] 1#1: start worker process 31
2023/10/09 03:25:47 [notice] 1#1: start worker process 32
2023/10/09 03:25:47 [notice] 1#1: start worker process 33
2023/10/09 03:25:47 [notice] 1#1: start worker process 34
2023/10/09 03:25:47 [notice] 1#1: start worker process 35
2023/10/09 03:25:47 [notice] 1#1: start worker process 36
2023/10/09 03:26:34 [notice] 1#1: signal 3 (SIGQUIT) received, shutting down
2023/10/09 03:26:34 [notice] 30#30: gracefully shutting down
2023/10/09 03:26:34 [notice] 31#31: gracefully shutting down
2023/10/09 03:26:34 [notice] 34#34: gracefully shutting down
2023/10/09 03:26:34 [notice] 36#36: gracefully shutting down
2023/10/09 03:26:34 [notice] 31#31: exiting
2023/10/09 03:26:34 [notice] 34#34: exiting
2023/10/09 03:26:34 [notice] 35#35: gracefully shutting down
2023/10/09 03:26:34 [notice] 36#36: exiting
2023/10/09 03:26:34 [notice] 35#35: exiting
2023/10/09 03:26:34 [notice] 34#34: exit
2023/10/09 03:26:34 [notice] 36#36: exit
2023/10/09 03:26:34 [notice] 31#31: exit
2023/10/09 03:26:34 [notice] 35#35: exit
2023/10/09 03:26:34 [notice] 29#29: gracefully shutting down
2023/10/09 03:26:34 [notice] 32#32: gracefully shutting down
2023/10/09 03:26:34 [notice] 32#32: exiting
2023/10/09 03:26:34 [notice] 32#32: exit
2023/10/09 03:26:34 [notice] 33#33: gracefully shutting down
2023/10/09 03:26:34 [notice] 33#33: exiting
2023/10/09 03:26:34 [notice] 33#33: exit
2023/10/09 03:26:34 [error] 29#29: *1 recv() failed (104: Connection reset by peer) while reading response header from upstream, client: 172.27.0.1, server: , request: "GET / HTTP/1.1", upstream: "fastcgi://172.27.0.4:9000", host: "localhost:8080"
2023/10/09 03:26:34 [notice] 29#29: exiting
2023/10/09 03:26:34 [notice] 29#29: exit
2023/10/09 03:26:34 [notice] 1#1: signal 17 (SIGCHLD) received from 35
2023/10/09 03:26:34 [notice] 1#1: worker process 31 exited with code 0
2023/10/09 03:26:34 [notice] 1#1: worker process 32 exited with code 0
2023/10/09 03:26:34 [notice] 1#1: worker process 34 exited with code 0
2023/10/09 03:26:34 [notice] 1#1: worker process 35 exited with code 0
2023/10/09 03:26:34 [notice] 1#1: worker process 36 exited with code 0
2023/10/09 03:26:34 [notice] 1#1: signal 29 (SIGIO) received
2023/10/09 03:26:34 [notice] 1#1: signal 17 (SIGCHLD) received from 32
2023/10/09 03:26:34 [notice] 1#1: signal 17 (SIGCHLD) received from 33
2023/10/09 03:26:34 [notice] 1#1: worker process 33 exited with code 0
2023/10/09 03:26:34 [notice] 1#1: signal 29 (SIGIO) received
2023/10/09 03:26:34 [notice] 1#1: signal 17 (SIGCHLD) received from 29
2023/10/09 03:26:34 [notice] 1#1: worker process 29 exited with code 0
2023/10/09 03:26:34 [notice] 1#1: signal 29 (SIGIO) received
2023/10/09 03:26:34 [notice] 30#30: exiting
2023/10/09 03:26:34 [notice] 30#30: exit
2023/10/09 03:26:34 [notice] 1#1: signal 17 (SIGCHLD) received from 30
2023/10/09 03:26:34 [notice] 1#1: worker process 30 exited with code 0
2023/10/09 03:26:34 [notice] 1#1: exit
2023/10/09 03:28:10 [notice] 1#1: using the "epoll" event method
2023/10/09 03:28:10 [notice] 1#1: nginx/1.25.2
2023/10/09 03:28:10 [notice] 1#1: built by gcc 12.2.1 20220924 (Alpine 12.2.1_git20220924-r10) 
2023/10/09 03:28:10 [notice] 1#1: OS: Linux 5.19.15-201.fc36.x86_64
2023/10/09 03:28:10 [notice] 1#1: getrlimit(RLIMIT_NOFILE): 1073741816:1073741816
2023/10/09 03:28:10 [notice] 1#1: start worker processes
2023/10/09 03:28:10 [notice] 1#1: start worker process 29
2023/10/09 03:28:10 [notice] 1#1: start worker process 30
2023/10/09 03:28:10 [notice] 1#1: start worker process 31
2023/10/09 03:28:10 [notice] 1#1: start worker process 32
2023/10/09 03:28:10 [notice] 1#1: start worker process 33
2023/10/09 03:28:10 [notice] 1#1: start worker process 34
2023/10/09 03:28:10 [notice] 1#1: start worker process 35
2023/10/09 03:28:10 [notice] 1#1: start worker process 36
2023/10/09 03:29:53 [error] 35#35: *13 upstream timed out (110: Operation timed out) while reading response header from upstream, client: 172.28.0.1, server: , request: "GET / HTTP/1.1", upstream: "fastcgi://172.28.0.4:9000", host: "localhost:8080"
2023/10/09 03:29:54 [error] 35#35: *13 open() "/var/www/html/favicon.ico" failed (2: No such file or directory), client: 172.28.0.1, server: , request: "GET /favicon.ico HTTP/1.1", host: "localhost:8080", referrer: "http://localhost:8080/"
2023/10/09 03:30:25 [notice] 1#1: signal 3 (SIGQUIT) received, shutting down
2023/10/09 03:30:25 [notice] 29#29: gracefully shutting down
2023/10/09 03:30:25 [notice] 30#30: gracefully shutting down
2023/10/09 03:30:25 [notice] 34#34: gracefully shutting down
2023/10/09 03:30:25 [notice] 31#31: gracefully shutting down
2023/10/09 03:30:25 [notice] 30#30: exiting
2023/10/09 03:30:25 [notice] 34#34: exiting
2023/10/09 03:30:25 [notice] 31#31: exiting
2023/10/09 03:30:25 [notice] 34#34: exit
2023/10/09 03:30:25 [notice] 35#35: gracefully shutting down
2023/10/09 03:30:25 [notice] 31#31: exit
2023/10/09 03:30:25 [notice] 36#36: gracefully shutting down
2023/10/09 03:30:25 [notice] 32#32: gracefully shutting down
2023/10/09 03:30:25 [notice] 30#30: exit
2023/10/09 03:30:25 [notice] 32#32: exiting
2023/10/09 03:30:25 [notice] 32#32: exit
2023/10/09 03:30:25 [notice] 36#36: exiting
2023/10/09 03:30:25 [notice] 36#36: exit
2023/10/09 03:30:25 [notice] 33#33: gracefully shutting down
2023/10/09 03:30:25 [notice] 33#33: exiting
2023/10/09 03:30:25 [notice] 33#33: exit
2023/10/09 03:30:25 [error] 35#35: *13 recv() failed (104: Connection reset by peer) while reading response header from upstream, client: 172.28.0.1, server: , request: "GET / HTTP/1.1", upstream: "fastcgi://172.28.0.4:9000", host: "localhost:8080"
2023/10/09 03:30:25 [notice] 35#35: exiting
2023/10/09 03:30:25 [notice] 35#35: exit
2023/10/09 03:30:25 [notice] 1#1: signal 17 (SIGCHLD) received from 34
2023/10/09 03:30:25 [notice] 1#1: worker process 34 exited with code 0
2023/10/09 03:30:25 [notice] 1#1: signal 29 (SIGIO) received
2023/10/09 03:30:25 [notice] 1#1: signal 17 (SIGCHLD) received from 36
2023/10/09 03:30:25 [notice] 1#1: worker process 36 exited with code 0
2023/10/09 03:30:25 [notice] 1#1: signal 29 (SIGIO) received
2023/10/09 03:30:25 [notice] 1#1: signal 17 (SIGCHLD) received from 31
2023/10/09 03:30:25 [notice] 1#1: worker process 31 exited with code 0
2023/10/09 03:30:25 [notice] 1#1: worker process 32 exited with code 0
2023/10/09 03:30:25 [notice] 1#1: signal 29 (SIGIO) received
2023/10/09 03:30:25 [notice] 1#1: signal 17 (SIGCHLD) received from 32
2023/10/09 03:30:25 [notice] 1#1: signal 17 (SIGCHLD) received from 30
2023/10/09 03:30:25 [notice] 1#1: worker process 30 exited with code 0
2023/10/09 03:30:25 [notice] 1#1: worker process 33 exited with code 0
2023/10/09 03:30:25 [notice] 1#1: signal 29 (SIGIO) received
2023/10/09 03:30:25 [notice] 1#1: signal 17 (SIGCHLD) received from 33
2023/10/09 03:30:25 [notice] 1#1: signal 17 (SIGCHLD) received from 35
2023/10/09 03:30:25 [notice] 1#1: worker process 35 exited with code 0
2023/10/09 03:30:25 [notice] 1#1: signal 29 (SIGIO) received
2023/10/09 03:30:25 [notice] 29#29: exiting
2023/10/09 03:30:25 [notice] 29#29: exit
2023/10/09 03:30:25 [notice] 1#1: signal 17 (SIGCHLD) received from 29
2023/10/09 03:30:25 [notice] 1#1: worker process 29 exited with code 0
2023/10/09 03:30:25 [notice] 1#1: exit
2023/10/09 03:30:43 [notice] 1#1: using the "epoll" event method
2023/10/09 03:30:43 [notice] 1#1: nginx/1.25.2
2023/10/09 03:30:43 [notice] 1#1: built by gcc 12.2.1 20220924 (Alpine 12.2.1_git20220924-r10) 
2023/10/09 03:30:43 [notice] 1#1: OS: Linux 5.19.15-201.fc36.x86_64
2023/10/09 03:30:43 [notice] 1#1: getrlimit(RLIMIT_NOFILE): 1073741816:1073741816
2023/10/09 03:30:43 [notice] 1#1: start worker processes
2023/10/09 03:30:43 [notice] 1#1: start worker process 29
2023/10/09 03:30:43 [notice] 1#1: start worker process 30
2023/10/09 03:30:43 [notice] 1#1: start worker process 31
2023/10/09 03:30:43 [notice] 1#1: start worker process 32
2023/10/09 03:30:43 [notice] 1#1: start worker process 33
2023/10/09 03:30:43 [notice] 1#1: start worker process 34
2023/10/09 03:30:43 [notice] 1#1: start worker process 35
2023/10/09 03:30:43 [notice] 1#1: start worker process 36
2023/10/09 03:31:57 [error] 32#32: *3 upstream timed out (110: Operation timed out) while reading response header from upstream, client: 172.29.0.1, server: , request: "GET / HTTP/1.1", upstream: "fastcgi://172.29.0.2:9000", host: "127.0.0.1"
2023/10/09 03:31:58 [error] 32#32: *3 open() "/var/www/html/favicon.ico" failed (2: No such file or directory), client: 172.29.0.1, server: , request: "GET /favicon.ico HTTP/1.1", host: "127.0.0.1", referrer: "http://127.0.0.1/"
2023/10/09 03:36:43 [error] 33#33: *9 upstream timed out (110: Operation timed out) while reading response header from upstream, client: 172.29.0.1, server: , request: "GET / HTTP/1.1", upstream: "fastcgi://172.29.0.2:9000", host: "127.0.0.1"
2023/10/09 03:39:34 [error] 30#30: *24 upstream timed out (110: Operation timed out) while reading response header from upstream, client: 172.29.0.1, server: , request: "GET / HTTP/1.1", upstream: "fastcgi://172.29.0.2:9000", host: "localhost"
2023/10/09 03:39:34 [error] 30#30: *24 open() "/var/www/html/favicon.ico" failed (2: No such file or directory), client: 172.29.0.1, server: , request: "GET /favicon.ico HTTP/1.1", host: "localhost", referrer: "http://localhost/"
2023/10/09 03:46:48 [error] 30#30: *30 upstream timed out (110: Operation timed out) while reading response header from upstream, client: 172.29.0.1, server: , request: "GET / HTTP/1.1", upstream: "fastcgi://172.29.0.2:9000", host: "localhost"
2023/10/09 03:49:50 [error] 30#30: *36 recv() failed (104: Connection reset by peer) while reading response header from upstream, client: 172.29.0.1, server: , request: "GET / HTTP/1.1", upstream: "fastcgi://172.29.0.2:9000", host: "localhost"
2023/10/09 03:49:50 [notice] 1#1: signal 3 (SIGQUIT) received, shutting down
2023/10/09 03:49:50 [notice] 29#29: gracefully shutting down
2023/10/09 03:49:50 [notice] 30#30: gracefully shutting down
2023/10/09 03:49:50 [notice] 29#29: exiting
2023/10/09 03:49:50 [notice] 34#34: gracefully shutting down
2023/10/09 03:49:50 [notice] 34#34: exiting
2023/10/09 03:49:50 [notice] 32#32: gracefully shutting down
2023/10/09 03:49:50 [notice] 30#30: exiting
2023/10/09 03:49:50 [notice] 32#32: exiting
2023/10/09 03:49:50 [notice] 29#29: exit
2023/10/09 03:49:50 [notice] 34#34: exit
2023/10/09 03:49:50 [notice] 30#30: exit
2023/10/09 03:49:50 [notice] 32#32: exit
2023/10/09 03:49:50 [notice] 31#31: gracefully shutting down
2023/10/09 03:49:50 [notice] 31#31: exiting
2023/10/09 03:49:50 [notice] 31#31: exit
2023/10/09 03:49:50 [notice] 33#33: gracefully shutting down
2023/10/09 03:49:50 [notice] 33#33: exiting
2023/10/09 03:49:50 [notice] 35#35: gracefully shutting down
2023/10/09 03:49:50 [notice] 35#35: exiting
2023/10/09 03:49:50 [notice] 35#35: exit
2023/10/09 03:49:50 [notice] 36#36: gracefully shutting down
2023/10/09 03:49:50 [notice] 36#36: exiting
2023/10/09 03:49:50 [notice] 33#33: exit
2023/10/09 03:49:50 [notice] 36#36: exit
2023/10/09 03:49:50 [notice] 1#1: signal 17 (SIGCHLD) received from 30
2023/10/09 03:49:50 [notice] 1#1: worker process 30 exited with code 0
2023/10/09 03:49:50 [notice] 1#1: signal 29 (SIGIO) received
2023/10/09 03:49:50 [notice] 1#1: signal 17 (SIGCHLD) received from 29
2023/10/09 03:49:50 [notice] 1#1: worker process 29 exited with code 0
2023/10/09 03:49:50 [notice] 1#1: worker process 32 exited with code 0
2023/10/09 03:49:50 [notice] 1#1: worker process 34 exited with code 0
2023/10/09 03:49:50 [notice] 1#1: signal 29 (SIGIO) received
2023/10/09 03:49:50 [notice] 1#1: signal 17 (SIGCHLD) received from 35
2023/10/09 03:49:50 [notice] 1#1: worker process 35 exited with code 0
2023/10/09 03:49:50 [notice] 1#1: signal 29 (SIGIO) received
2023/10/09 03:49:50 [notice] 1#1: signal 17 (SIGCHLD) received from 31
2023/10/09 03:49:50 [notice] 1#1: worker process 31 exited with code 0
2023/10/09 03:49:50 [notice] 1#1: signal 29 (SIGIO) received
2023/10/09 03:49:50 [notice] 1#1: signal 17 (SIGCHLD) received from 36
2023/10/09 03:49:50 [notice] 1#1: worker process 36 exited with code 0
2023/10/09 03:49:50 [notice] 1#1: signal 29 (SIGIO) received
2023/10/09 03:49:50 [notice] 1#1: signal 17 (SIGCHLD) received from 33
2023/10/09 03:49:50 [notice] 1#1: worker process 33 exited with code 0
2023/10/09 03:49:50 [notice] 1#1: exit
2023/10/09 03:50:06 [notice] 1#1: using the "epoll" event method
2023/10/09 03:50:06 [notice] 1#1: nginx/1.25.2
2023/10/09 03:50:06 [notice] 1#1: built by gcc 12.2.1 20220924 (Alpine 12.2.1_git20220924-r10) 
2023/10/09 03:50:06 [notice] 1#1: OS: Linux 5.19.15-201.fc36.x86_64
2023/10/09 03:50:06 [notice] 1#1: getrlimit(RLIMIT_NOFILE): 1073741816:1073741816
2023/10/09 03:50:06 [notice] 1#1: start worker processes
2023/10/09 03:50:06 [notice] 1#1: start worker process 29
2023/10/09 03:50:06 [notice] 1#1: start worker process 30
2023/10/09 03:50:06 [notice] 1#1: start worker process 31
2023/10/09 03:50:06 [notice] 1#1: start worker process 32
2023/10/09 03:50:06 [notice] 1#1: start worker process 33
2023/10/09 03:50:06 [notice] 1#1: start worker process 34
2023/10/09 03:50:06 [notice] 1#1: start worker process 35
2023/10/09 03:50:06 [notice] 1#1: start worker process 36
2023/10/09 04:08:09 [notice] 1#1: signal 3 (SIGQUIT) received, shutting down
2023/10/09 04:08:09 [notice] 30#30: gracefully shutting down
2023/10/09 04:08:09 [notice] 35#35: gracefully shutting down
2023/10/09 04:08:09 [notice] 32#32: gracefully shutting down
2023/10/09 04:08:09 [notice] 36#36: gracefully shutting down
2023/10/09 04:08:09 [notice] 33#33: gracefully shutting down
2023/10/09 04:08:09 [notice] 30#30: exiting
2023/10/09 04:08:09 [notice] 29#29: gracefully shutting down
2023/10/09 04:08:09 [notice] 32#32: exiting
2023/10/09 04:08:09 [notice] 34#34: gracefully shutting down
2023/10/09 04:08:09 [notice] 36#36: exiting
2023/10/09 04:08:09 [notice] 31#31: gracefully shutting down
2023/10/09 04:08:09 [notice] 33#33: exiting
2023/10/09 04:08:09 [notice] 29#29: exiting
2023/10/09 04:08:09 [notice] 31#31: exiting
2023/10/09 04:08:09 [notice] 32#32: exit
2023/10/09 04:08:09 [notice] 30#30: exit
2023/10/09 04:08:09 [notice] 36#36: exit
2023/10/09 04:08:09 [notice] 33#33: exit
2023/10/09 04:08:09 [notice] 29#29: exit
2023/10/09 04:08:09 [notice] 31#31: exit
2023/10/09 04:08:09 [notice] 35#35: exiting
2023/10/09 04:08:09 [notice] 35#35: exit
2023/10/09 04:08:09 [notice] 34#34: exiting
2023/10/09 04:08:09 [notice] 34#34: exit
2023/10/09 04:08:09 [notice] 1#1: signal 17 (SIGCHLD) received from 30
2023/10/09 04:08:09 [notice] 1#1: worker process 30 exited with code 0
2023/10/09 04:08:09 [notice] 1#1: signal 29 (SIGIO) received
2023/10/09 04:08:09 [notice] 1#1: signal 17 (SIGCHLD) received from 36
2023/10/09 04:08:09 [notice] 1#1: worker process 29 exited with code 0
2023/10/09 04:08:09 [notice] 1#1: worker process 31 exited with code 0
2023/10/09 04:08:09 [notice] 1#1: worker process 33 exited with code 0
2023/10/09 04:08:09 [notice] 1#1: worker process 35 exited with code 0
2023/10/09 04:08:09 [notice] 1#1: worker process 36 exited with code 0
2023/10/09 04:08:09 [notice] 1#1: signal 29 (SIGIO) received
2023/10/09 04:08:09 [notice] 1#1: signal 17 (SIGCHLD) received from 29
2023/10/09 04:08:09 [notice] 1#1: signal 17 (SIGCHLD) received from 32
2023/10/09 04:08:09 [notice] 1#1: worker process 32 exited with code 0
2023/10/09 04:08:09 [notice] 1#1: signal 29 (SIGIO) received
2023/10/09 04:08:09 [notice] 1#1: signal 17 (SIGCHLD) received from 34
2023/10/09 04:08:09 [notice] 1#1: worker process 34 exited with code 0
2023/10/09 04:08:09 [notice] 1#1: exit
